<?xml version="1.0" encoding="UTF-8"?>
<coverage generated="1736867212007" clover="3.2.0">
  <project timestamp="1736867212008" name="All files">
    <metrics statements="750" coveredstatements="452" conditionals="282" coveredconditionals="139" methods="157" coveredmethods="107" elements="1189" coveredelements="698" complexity="0" loc="750" ncloc="750" packages="10" files="18" classes="18"/>
    <package name="API">
      <metrics statements="168" coveredstatements="142" conditionals="44" coveredconditionals="33" methods="15" coveredmethods="15"/>
      <file name="Axios.ts" path="C:\Users\htham\Documents\Revature\InfoSysTraining\project_2_trackr\frontend\revproj2\src\API\Axios.ts">
        <metrics statements="168" coveredstatements="142" conditionals="44" coveredconditionals="33" methods="15" coveredmethods="15"/>
        <line num="6" count="1" type="stmt"/>
        <line num="7" count="1" type="stmt"/>
        <line num="9" count="1" type="stmt"/>
        <line num="10" count="1" type="stmt"/>
        <line num="12" count="1" type="stmt"/>
        <line num="13" count="1" type="stmt"/>
        <line num="14" count="1" type="stmt"/>
        <line num="16" count="1" type="stmt"/>
        <line num="24" count="1" type="stmt"/>
        <line num="27" count="0" type="stmt"/>
        <line num="31" count="1" type="stmt"/>
        <line num="32" count="1" type="stmt"/>
        <line num="34" count="1" type="stmt"/>
        <line num="35" count="1" type="stmt"/>
        <line num="36" count="1" type="stmt"/>
        <line num="38" count="1" type="stmt"/>
        <line num="46" count="1" type="cond" truecount="3" falsecount="1"/>
        <line num="48" count="1" type="stmt"/>
        <line num="49" count="1" type="stmt"/>
        <line num="50" count="1" type="stmt"/>
        <line num="54" count="0" type="stmt"/>
        <line num="59" count="0" type="stmt"/>
        <line num="63" count="1" type="stmt"/>
        <line num="64" count="1" type="stmt"/>
        <line num="66" count="1" type="stmt"/>
        <line num="67" count="1" type="stmt"/>
        <line num="68" count="1" type="stmt"/>
        <line num="70" count="1" type="stmt"/>
        <line num="79" count="1" type="cond" truecount="3" falsecount="1"/>
        <line num="81" count="1" type="stmt"/>
        <line num="82" count="1" type="stmt"/>
        <line num="83" count="1" type="stmt"/>
        <line num="87" count="0" type="stmt"/>
        <line num="92" count="0" type="stmt"/>
        <line num="96" count="1" type="stmt"/>
        <line num="97" count="1" type="stmt"/>
        <line num="99" count="1" type="stmt"/>
        <line num="100" count="1" type="stmt"/>
        <line num="101" count="1" type="stmt"/>
        <line num="103" count="1" type="stmt"/>
        <line num="111" count="1" type="stmt"/>
        <line num="114" count="0" type="stmt"/>
        <line num="119" count="1" type="stmt"/>
        <line num="120" count="1" type="stmt"/>
        <line num="122" count="1" type="stmt"/>
        <line num="123" count="1" type="stmt"/>
        <line num="124" count="1" type="stmt"/>
        <line num="126" count="1" type="stmt"/>
        <line num="133" count="1" type="cond" truecount="3" falsecount="1"/>
        <line num="135" count="1" type="stmt"/>
        <line num="136" count="1" type="stmt"/>
        <line num="137" count="1" type="stmt"/>
        <line num="140" count="0" type="stmt"/>
        <line num="144" count="0" type="stmt"/>
        <line num="148" count="1" type="stmt"/>
        <line num="149" count="1" type="stmt"/>
        <line num="151" count="1" type="stmt"/>
        <line num="152" count="1" type="stmt"/>
        <line num="153" count="1" type="stmt"/>
        <line num="154" count="1" type="stmt"/>
        <line num="156" count="1" type="stmt"/>
        <line num="166" count="1" type="cond" truecount="3" falsecount="1"/>
        <line num="168" count="1" type="stmt"/>
        <line num="169" count="1" type="stmt"/>
        <line num="173" count="0" type="stmt"/>
        <line num="177" count="0" type="stmt"/>
        <line num="182" count="1" type="stmt"/>
        <line num="183" count="1" type="stmt"/>
        <line num="185" count="1" type="stmt"/>
        <line num="186" count="1" type="stmt"/>
        <line num="187" count="1" type="stmt"/>
        <line num="189" count="1" type="stmt"/>
        <line num="198" count="1" type="cond" truecount="3" falsecount="1"/>
        <line num="200" count="1" type="stmt"/>
        <line num="201" count="1" type="stmt"/>
        <line num="202" count="1" type="stmt"/>
        <line num="203" count="1" type="stmt"/>
        <line num="206" count="0" type="stmt"/>
        <line num="211" count="0" type="stmt"/>
        <line num="215" count="1" type="stmt"/>
        <line num="217" count="1" type="stmt"/>
        <line num="218" count="1" type="stmt"/>
        <line num="219" count="1" type="stmt"/>
        <line num="220" count="1" type="stmt"/>
        <line num="222" count="1" type="stmt"/>
        <line num="230" count="1" type="cond" truecount="3" falsecount="1"/>
        <line num="232" count="1" type="stmt"/>
        <line num="233" count="1" type="stmt"/>
        <line num="234" count="1" type="stmt"/>
        <line num="237" count="0" type="stmt"/>
        <line num="241" count="0" type="stmt"/>
        <line num="245" count="1" type="stmt"/>
        <line num="246" count="1" type="stmt"/>
        <line num="248" count="1" type="stmt"/>
        <line num="249" count="1" type="stmt"/>
        <line num="250" count="1" type="stmt"/>
        <line num="252" count="1" type="stmt"/>
        <line num="260" count="1" type="cond" truecount="3" falsecount="1"/>
        <line num="262" count="1" type="stmt"/>
        <line num="263" count="1" type="stmt"/>
        <line num="264" count="1" type="stmt"/>
        <line num="268" count="0" type="stmt"/>
        <line num="272" count="0" type="stmt"/>
        <line num="277" count="1" type="stmt"/>
        <line num="278" count="1" type="stmt"/>
        <line num="280" count="1" type="stmt"/>
        <line num="281" count="1" type="stmt"/>
        <line num="282" count="1" type="stmt"/>
        <line num="284" count="1" type="stmt"/>
        <line num="292" count="1" type="cond" truecount="3" falsecount="1"/>
        <line num="294" count="1" type="stmt"/>
        <line num="295" count="1" type="stmt"/>
        <line num="296" count="1" type="stmt"/>
        <line num="300" count="0" type="stmt"/>
        <line num="304" count="0" type="stmt"/>
        <line num="308" count="1" type="stmt"/>
        <line num="309" count="1" type="stmt"/>
        <line num="311" count="1" type="stmt"/>
        <line num="312" count="1" type="stmt"/>
        <line num="313" count="1" type="stmt"/>
        <line num="315" count="1" type="stmt"/>
        <line num="323" count="1" type="cond" truecount="3" falsecount="1"/>
        <line num="325" count="1" type="stmt"/>
        <line num="326" count="1" type="stmt"/>
        <line num="327" count="1" type="stmt"/>
        <line num="331" count="0" type="stmt"/>
        <line num="335" count="0" type="stmt"/>
        <line num="340" count="1" type="stmt"/>
        <line num="341" count="1" type="stmt"/>
        <line num="343" count="1" type="stmt"/>
        <line num="344" count="1" type="stmt"/>
        <line num="345" count="1" type="stmt"/>
        <line num="346" count="1" type="stmt"/>
        <line num="347" count="1" type="stmt"/>
        <line num="355" count="1" type="stmt"/>
        <line num="358" count="0" type="stmt"/>
        <line num="364" count="1" type="stmt"/>
        <line num="365" count="1" type="stmt"/>
        <line num="367" count="1" type="stmt"/>
        <line num="368" count="1" type="stmt"/>
        <line num="369" count="1" type="stmt"/>
        <line num="371" count="1" type="stmt"/>
        <line num="379" count="1" type="stmt"/>
        <line num="382" count="0" type="stmt"/>
        <line num="386" count="1" type="stmt"/>
        <line num="387" count="1" type="stmt"/>
        <line num="389" count="1" type="stmt"/>
        <line num="390" count="1" type="stmt"/>
        <line num="391" count="1" type="stmt"/>
        <line num="393" count="1" type="stmt"/>
        <line num="400" count="1" type="cond" truecount="3" falsecount="1"/>
        <line num="402" count="1" type="stmt"/>
        <line num="403" count="1" type="stmt"/>
        <line num="404" count="1" type="stmt"/>
        <line num="407" count="0" type="stmt"/>
        <line num="411" count="0" type="stmt"/>
        <line num="415" count="1" type="stmt"/>
        <line num="416" count="1" type="stmt"/>
        <line num="418" count="1" type="stmt"/>
        <line num="419" count="1" type="stmt"/>
        <line num="420" count="1" type="stmt"/>
        <line num="422" count="1" type="stmt"/>
        <line num="430" count="1" type="cond" truecount="3" falsecount="1"/>
        <line num="432" count="1" type="stmt"/>
        <line num="433" count="1" type="stmt"/>
        <line num="434" count="1" type="stmt"/>
        <line num="438" count="0" type="stmt"/>
        <line num="443" count="0" type="stmt"/>
      </file>
    </package>
    <package name="Calendar">
      <metrics statements="231" coveredstatements="164" conditionals="94" coveredconditionals="46" methods="55" coveredmethods="47"/>
      <file name="CalendarPage.tsx" path="C:\Users\htham\Documents\Revature\InfoSysTraining\project_2_trackr\frontend\revproj2\src\Calendar\CalendarPage.tsx">
        <metrics statements="141" coveredstatements="83" conditionals="60" coveredconditionals="25" methods="24" coveredmethods="18"/>
        <line num="7" count="14" type="stmt"/>
        <line num="8" count="14" type="stmt"/>
        <line num="11" count="14" type="stmt"/>
        <line num="12" count="14" type="stmt"/>
        <line num="13" count="14" type="stmt"/>
        <line num="16" count="14" type="stmt"/>
        <line num="17" count="14" type="stmt"/>
        <line num="18" count="14" type="stmt"/>
        <line num="21" count="14" type="stmt"/>
        <line num="24" count="14" type="stmt"/>
        <line num="25" count="14" type="stmt"/>
        <line num="26" count="14" type="stmt"/>
        <line num="27" count="14" type="stmt"/>
        <line num="28" count="14" type="stmt"/>
        <line num="29" count="14" type="stmt"/>
        <line num="32" count="14" type="stmt"/>
        <line num="33" count="14" type="stmt"/>
        <line num="34" count="42" type="stmt"/>
        <line num="36" count="14" type="stmt"/>
        <line num="37" count="428" type="stmt"/>
        <line num="43" count="14" type="stmt"/>
        <line num="44" count="5" type="stmt"/>
        <line num="45" count="5" type="cond" truecount="1" falsecount="1"/>
        <line num="46" count="5" type="stmt"/>
        <line num="50" count="14" type="stmt"/>
        <line num="51" count="10" type="cond" truecount="2" falsecount="0"/>
        <line num="52" count="5" type="stmt"/>
        <line num="53" count="5" type="stmt"/>
        <line num="54" count="5" type="stmt"/>
        <line num="57" count="5" type="cond" truecount="1" falsecount="1"/>
        <line num="58" count="0" type="stmt"/>
        <line num="60" count="2" type="stmt"/>
        <line num="61" count="0" type="stmt"/>
        <line num="63" count="5" type="stmt"/>
        <line num="66" count="5" type="stmt"/>
        <line num="69" count="14" type="stmt"/>
        <line num="70" count="10" type="cond" truecount="2" falsecount="2"/>
        <line num="71" count="0" type="stmt"/>
        <line num="72" count="0" type="stmt"/>
        <line num="73" count="0" type="stmt"/>
        <line num="76" count="0" type="cond" truecount="0" falsecount="2"/>
        <line num="77" count="0" type="stmt"/>
        <line num="79" count="0" type="stmt"/>
        <line num="80" count="0" type="stmt"/>
        <line num="81" count="0" type="stmt"/>
        <line num="83" count="0" type="stmt"/>
        <line num="86" count="0" type="stmt"/>
        <line num="89" count="14" type="stmt"/>
        <line num="90" count="10" type="cond" truecount="2" falsecount="2"/>
        <line num="91" count="0" type="stmt"/>
        <line num="92" count="0" type="stmt"/>
        <line num="93" count="0" type="stmt"/>
        <line num="96" count="0" type="cond" truecount="0" falsecount="2"/>
        <line num="97" count="0" type="stmt"/>
        <line num="99" count="0" type="stmt"/>
        <line num="100" count="0" type="stmt"/>
        <line num="101" count="0" type="cond" truecount="0" falsecount="2"/>
        <line num="102" count="0" type="stmt"/>
        <line num="103" count="0" type="stmt"/>
        <line num="104" count="0" type="stmt"/>
        <line num="106" count="0" type="cond" truecount="0" falsecount="2"/>
        <line num="107" count="0" type="stmt"/>
        <line num="108" count="0" type="stmt"/>
        <line num="111" count="0" type="stmt"/>
        <line num="114" count="0" type="stmt"/>
        <line num="117" count="14" type="stmt"/>
        <line num="118" count="5" type="cond" truecount="1" falsecount="1"/>
        <line num="119" count="0" type="stmt"/>
        <line num="120" count="0" type="stmt"/>
        <line num="121" count="0" type="cond" truecount="0" falsecount="4"/>
        <line num="122" count="0" type="cond" truecount="0" falsecount="2"/>
        <line num="123" count="0" type="stmt"/>
        <line num="128" count="14" type="stmt"/>
        <line num="129" count="5" type="cond" truecount="1" falsecount="1"/>
        <line num="130" count="0" type="stmt"/>
        <line num="137" count="14" type="stmt"/>
        <line num="138" count="5" type="cond" truecount="1" falsecount="1"/>
        <line num="139" count="0" type="stmt"/>
        <line num="147" count="14" type="stmt"/>
        <line num="148" count="7" type="stmt"/>
        <line num="149" count="7" type="cond" truecount="1" falsecount="1"/>
        <line num="150" count="7" type="stmt"/>
        <line num="151" count="7" type="stmt"/>
        <line num="153" count="0" type="stmt"/>
        <line num="154" count="0" type="stmt"/>
        <line num="155" count="0" type="stmt"/>
        <line num="156" count="0" type="stmt"/>
        <line num="157" count="0" type="stmt"/>
        <line num="158" count="0" type="cond" truecount="0" falsecount="2"/>
        <line num="159" count="0" type="stmt"/>
        <line num="162" count="0" type="stmt"/>
        <line num="168" count="14" type="stmt"/>
        <line num="169" count="14" type="stmt"/>
        <line num="172" count="14" type="stmt"/>
        <line num="174" count="14" type="stmt"/>
        <line num="175" count="10" type="cond" truecount="2" falsecount="2"/>
        <line num="176" count="0" type="stmt"/>
        <line num="180" count="14" type="stmt"/>
        <line num="181" count="7" type="cond" truecount="1" falsecount="1"/>
        <line num="184" count="0" type="stmt"/>
        <line num="187" count="0" type="stmt"/>
        <line num="188" count="0" type="stmt"/>
        <line num="192" count="0" type="stmt"/>
        <line num="193" count="0" type="stmt"/>
        <line num="194" count="0" type="stmt"/>
        <line num="195" count="0" type="stmt"/>
        <line num="196" count="0" type="cond" truecount="0" falsecount="2"/>
        <line num="197" count="0" type="stmt"/>
        <line num="200" count="0" type="stmt"/>
        <line num="202" count="0" type="stmt"/>
        <line num="206" count="14" type="stmt"/>
        <line num="207" count="14" type="stmt"/>
        <line num="212" count="428" type="stmt"/>
        <line num="214" count="428" type="stmt"/>
        <line num="217" count="428" type="cond" truecount="2" falsecount="0"/>
        <line num="218" count="10" type="cond" truecount="1" falsecount="1"/>
        <line num="219" count="10" type="stmt"/>
        <line num="222" count="418" type="cond" truecount="3" falsecount="1"/>
        <line num="223" count="0" type="stmt"/>
        <line num="225" count="418" type="cond" truecount="1" falsecount="1"/>
        <line num="226" count="0" type="stmt"/>
        <line num="228" count="418" type="cond" truecount="1" falsecount="1"/>
        <line num="230" count="0" type="stmt"/>
        <line num="233" count="418" type="stmt"/>
        <line num="241" count="1" type="stmt"/>
        <line num="242" count="1" type="stmt"/>
        <line num="243" count="1" type="stmt"/>
        <line num="244" count="1" type="stmt"/>
        <line num="250" count="14" type="stmt"/>
        <line num="251" count="1" type="stmt"/>
        <line num="253" count="14" type="stmt"/>
        <line num="254" count="1" type="stmt"/>
        <line num="260" count="14" type="stmt"/>
        <line num="367" count="470" type="cond" truecount="2" falsecount="0"/>
        <line num="369" count="42" type="stmt"/>
        <line num="380" count="428" type="stmt"/>
        <line num="381" count="428" type="stmt"/>
        <line num="382" count="428" type="stmt"/>
        <line num="383" count="428" type="stmt"/>
        <line num="385" count="428" type="stmt"/>
        <line num="388" count="1" type="stmt"/>
      </file>
      <file name="CreateEventPage.tsx" path="C:\Users\htham\Documents\Revature\InfoSysTraining\project_2_trackr\frontend\revproj2\src\Calendar\CreateEventPage.tsx">
        <metrics statements="28" coveredstatements="24" conditionals="12" coveredconditionals="10" methods="8" coveredmethods="8"/>
        <line num="7" count="10" type="stmt"/>
        <line num="8" count="10" type="stmt"/>
        <line num="9" count="10" type="stmt"/>
        <line num="10" count="10" type="stmt"/>
        <line num="12" count="10" type="stmt"/>
        <line num="13" count="10" type="stmt"/>
        <line num="14" count="10" type="stmt"/>
        <line num="16" count="10" type="stmt"/>
        <line num="17" count="2" type="stmt"/>
        <line num="19" count="2" type="cond" truecount="5" falsecount="1"/>
        <line num="20" count="0" type="stmt"/>
        <line num="21" count="0" type="stmt"/>
        <line num="24" count="2" type="stmt"/>
        <line num="25" count="2" type="cond" truecount="2" falsecount="0"/>
        <line num="27" count="1" type="stmt"/>
        <line num="28" count="1" type="stmt"/>
        <line num="31" count="1" type="stmt"/>
        <line num="32" count="1" type="stmt"/>
        <line num="34" count="2" type="stmt"/>
        <line num="36" count="0" type="stmt"/>
        <line num="37" count="0" type="stmt"/>
        <line num="41" count="10" type="stmt"/>
        <line num="77" count="2" type="stmt"/>
        <line num="85" count="30" type="stmt"/>
        <line num="86" count="20" type="cond" truecount="1" falsecount="1"/>
        <line num="105" count="2" type="stmt"/>
        <line num="120" count="2" type="stmt"/>
        <line num="141" count="1" type="stmt"/>
      </file>
      <file name="DayView.tsx" path="C:\Users\htham\Documents\Revature\InfoSysTraining\project_2_trackr\frontend\revproj2\src\Calendar\DayView.tsx">
        <metrics statements="45" coveredstatements="40" conditionals="16" coveredconditionals="7" methods="14" coveredmethods="12"/>
        <line num="8" count="11" type="stmt"/>
        <line num="9" count="11" type="stmt"/>
        <line num="12" count="11" type="stmt"/>
        <line num="13" count="11" type="stmt"/>
        <line num="14" count="11" type="stmt"/>
        <line num="15" count="11" type="stmt"/>
        <line num="17" count="11" type="stmt"/>
        <line num="21" count="11" type="stmt"/>
        <line num="23" count="11" type="stmt"/>
        <line num="24" count="5" type="cond" truecount="1" falsecount="1"/>
        <line num="27" count="5" type="stmt"/>
        <line num="28" count="1" type="stmt"/>
        <line num="29" count="1" type="stmt"/>
        <line num="31" count="5" type="stmt"/>
        <line num="32" count="5" type="stmt"/>
        <line num="33" count="1" type="stmt"/>
        <line num="34" count="1" type="stmt"/>
        <line num="35" count="1" type="stmt"/>
        <line num="36" count="1" type="stmt"/>
        <line num="37" count="1" type="stmt"/>
        <line num="44" count="1" type="stmt"/>
        <line num="47" count="5" type="stmt"/>
        <line num="49" count="5" type="stmt"/>
        <line num="53" count="11" type="stmt"/>
        <line num="55" count="11" type="stmt"/>
        <line num="56" count="5" type="cond" truecount="1" falsecount="1"/>
        <line num="58" count="5" type="stmt"/>
        <line num="59" count="5" type="cond" truecount="1" falsecount="1"/>
        <line num="60" count="5" type="stmt"/>
        <line num="61" count="5" type="stmt"/>
        <line num="62" count="5" type="stmt"/>
        <line num="63" count="5" type="stmt"/>
        <line num="64" count="5" type="stmt"/>
        <line num="65" count="5" type="stmt"/>
        <line num="67" count="5" type="cond" truecount="1" falsecount="1"/>
        <line num="68" count="5" type="stmt"/>
        <line num="70" count="0" type="stmt"/>
        <line num="78" count="0" type="cond" truecount="0" falsecount="2"/>
        <line num="79" count="0" type="stmt"/>
        <line num="83" count="0" type="cond" truecount="0" falsecount="2"/>
        <line num="84" count="0" type="stmt"/>
        <line num="89" count="1" type="stmt"/>
        <line num="92" count="11" type="stmt"/>
        <line num="118" count="2" type="stmt"/>
        <line num="155" count="1" type="stmt"/>
      </file>
      <file name="GroupPage.tsx" path="C:\Users\htham\Documents\Revature\InfoSysTraining\project_2_trackr\frontend\revproj2\src\Calendar\GroupPage.tsx">
        <metrics statements="17" coveredstatements="17" conditionals="6" coveredconditionals="4" methods="9" coveredmethods="9"/>
        <line num="6" count="7" type="stmt"/>
        <line num="7" count="7" type="stmt"/>
        <line num="10" count="7" type="stmt"/>
        <line num="11" count="7" type="stmt"/>
        <line num="15" count="7" type="stmt"/>
        <line num="16" count="14" type="stmt"/>
        <line num="20" count="1" type="stmt"/>
        <line num="21" count="1" type="cond" truecount="1" falsecount="1"/>
        <line num="22" count="1" type="stmt"/>
        <line num="23" count="1" type="stmt"/>
        <line num="28" count="13" type="stmt"/>
        <line num="31" count="7" type="stmt"/>
        <line num="40" count="1" type="stmt"/>
        <line num="53" count="1" type="stmt"/>
        <line num="63" count="13" type="stmt"/>
        <line num="71" count="1" type="stmt"/>
        <line num="75" count="1" type="stmt"/>
      </file>
    </package>
    <package name="Components.EventsContext">
      <metrics statements="41" coveredstatements="20" conditionals="24" coveredconditionals="9" methods="8" coveredmethods="5"/>
      <file name="EventsContext.tsx" path="C:\Users\htham\Documents\Revature\InfoSysTraining\project_2_trackr\frontend\revproj2\src\Components\EventsContext\EventsContext.tsx">
        <metrics statements="41" coveredstatements="20" conditionals="24" coveredconditionals="9" methods="8" coveredmethods="5"/>
        <line num="17" count="3" type="stmt"/>
        <line num="22" count="9" type="stmt"/>
        <line num="23" count="9" type="stmt"/>
        <line num="27" count="1" type="stmt"/>
        <line num="28" count="1" type="cond" truecount="1" falsecount="1"/>
        <line num="31" count="1" type="cond" truecount="1" falsecount="1"/>
        <line num="35" count="1" type="cond" truecount="2" falsecount="2"/>
        <line num="36" count="1" type="stmt"/>
        <line num="37" count="1" type="stmt"/>
        <line num="40" count="0" type="stmt"/>
        <line num="42" count="0" type="stmt"/>
        <line num="50" count="0" type="cond" truecount="0" falsecount="2"/>
        <line num="51" count="0" type="stmt"/>
        <line num="54" count="0" type="stmt"/>
        <line num="55" count="0" type="stmt"/>
        <line num="58" count="0" type="stmt"/>
        <line num="59" count="0" type="cond" truecount="0" falsecount="2"/>
        <line num="60" count="0" type="stmt"/>
        <line num="62" count="0" type="stmt"/>
        <line num="65" count="0" type="stmt"/>
        <line num="71" count="2" type="stmt"/>
        <line num="72" count="2" type="cond" truecount="1" falsecount="1"/>
        <line num="75" count="2" type="cond" truecount="1" falsecount="1"/>
        <line num="79" count="2" type="cond" truecount="2" falsecount="2"/>
        <line num="80" count="2" type="stmt"/>
        <line num="81" count="2" type="stmt"/>
        <line num="84" count="0" type="stmt"/>
        <line num="92" count="0" type="stmt"/>
        <line num="94" count="0" type="stmt"/>
        <line num="103" count="0" type="cond" truecount="0" falsecount="2"/>
        <line num="104" count="0" type="stmt"/>
        <line num="107" count="0" type="stmt"/>
        <line num="108" count="0" type="stmt"/>
        <line num="109" count="0" type="stmt"/>
        <line num="111" count="0" type="stmt"/>
        <line num="119" count="4" type="stmt"/>
        <line num="130" count="9" type="stmt"/>
        <line num="140" count="18" type="stmt"/>
        <line num="141" count="18" type="cond" truecount="1" falsecount="1"/>
        <line num="142" count="0" type="stmt"/>
        <line num="144" count="18" type="stmt"/>
      </file>
    </package>
    <package name="Components.GroupContext">
      <metrics statements="80" coveredstatements="19" conditionals="44" coveredconditionals="6" methods="18" coveredmethods="4"/>
      <file name="GroupContext.tsx" path="C:\Users\htham\Documents\Revature\InfoSysTraining\project_2_trackr\frontend\revproj2\src\Components\GroupContext\GroupContext.tsx">
        <metrics statements="80" coveredstatements="19" conditionals="44" coveredconditionals="6" methods="18" coveredmethods="4"/>
        <line num="49" count="3" type="stmt"/>
        <line num="52" count="21" type="stmt"/>
        <line num="53" count="21" type="stmt"/>
        <line num="58" count="21" type="cond" truecount="2" falsecount="0"/>
        <line num="59" count="21" type="stmt"/>
        <line num="66" count="5" type="stmt"/>
        <line num="67" count="5" type="cond" truecount="1" falsecount="1"/>
        <line num="68" count="5" type="cond" truecount="1" falsecount="1"/>
        <line num="70" count="5" type="stmt"/>
        <line num="76" count="5" type="cond" truecount="1" falsecount="1"/>
        <line num="77" count="0" type="stmt"/>
        <line num="79" count="3" type="stmt"/>
        <line num="81" count="1" type="stmt"/>
        <line num="86" count="0" type="stmt"/>
        <line num="88" count="5" type="stmt"/>
        <line num="97" count="0" type="stmt"/>
        <line num="98" count="0" type="cond" truecount="0" falsecount="2"/>
        <line num="99" count="0" type="stmt"/>
        <line num="107" count="0" type="cond" truecount="0" falsecount="2"/>
        <line num="108" count="0" type="stmt"/>
        <line num="111" count="0" type="stmt"/>
        <line num="113" count="0" type="stmt"/>
        <line num="121" count="0" type="stmt"/>
        <line num="122" count="0" type="cond" truecount="0" falsecount="2"/>
        <line num="123" count="0" type="cond" truecount="0" falsecount="2"/>
        <line num="124" count="0" type="stmt"/>
        <line num="132" count="0" type="cond" truecount="0" falsecount="2"/>
        <line num="133" count="0" type="stmt"/>
        <line num="136" count="0" type="stmt"/>
        <line num="138" count="0" type="stmt"/>
        <line num="146" count="0" type="stmt"/>
        <line num="147" count="0" type="cond" truecount="0" falsecount="2"/>
        <line num="148" count="0" type="cond" truecount="0" falsecount="2"/>
        <line num="149" count="0" type="stmt"/>
        <line num="156" count="0" type="cond" truecount="0" falsecount="2"/>
        <line num="157" count="0" type="stmt"/>
        <line num="160" count="0" type="stmt"/>
        <line num="162" count="0" type="stmt"/>
        <line num="171" count="0" type="stmt"/>
        <line num="172" count="0" type="cond" truecount="0" falsecount="2"/>
        <line num="173" count="0" type="stmt"/>
        <line num="179" count="0" type="cond" truecount="0" falsecount="2"/>
        <line num="180" count="0" type="stmt"/>
        <line num="182" count="0" type="stmt"/>
        <line num="183" count="0" type="stmt"/>
        <line num="185" count="0" type="stmt"/>
        <line num="186" count="0" type="stmt"/>
        <line num="199" count="0" type="stmt"/>
        <line num="200" count="0" type="cond" truecount="0" falsecount="2"/>
        <line num="204" count="0" type="cond" truecount="0" falsecount="2"/>
        <line num="208" count="0" type="stmt"/>
        <line num="211" count="0" type="cond" truecount="0" falsecount="2"/>
        <line num="216" count="0" type="stmt"/>
        <line num="218" count="0" type="cond" truecount="0" falsecount="2"/>
        <line num="222" count="0" type="stmt"/>
        <line num="223" count="0" type="stmt"/>
        <line num="227" count="0" type="cond" truecount="0" falsecount="2"/>
        <line num="230" count="0" type="stmt"/>
        <line num="231" count="0" type="stmt"/>
        <line num="234" count="0" type="stmt"/>
        <line num="243" count="0" type="cond" truecount="0" falsecount="2"/>
        <line num="244" count="0" type="stmt"/>
        <line num="251" count="0" type="stmt"/>
        <line num="252" count="0" type="stmt"/>
        <line num="254" count="0" type="stmt"/>
        <line num="267" count="0" type="stmt"/>
        <line num="268" count="0" type="stmt"/>
        <line num="269" count="0" type="stmt"/>
        <line num="270" count="0" type="stmt"/>
        <line num="271" count="0" type="stmt"/>
        <line num="272" count="0" type="stmt"/>
        <line num="274" count="0" type="stmt"/>
        <line num="277" count="0" type="stmt"/>
        <line num="281" count="5" type="stmt"/>
        <line num="282" count="5" type="stmt"/>
        <line num="285" count="5" type="stmt"/>
        <line num="303" count="14" type="stmt"/>
        <line num="304" count="14" type="cond" truecount="1" falsecount="1"/>
        <line num="305" count="0" type="stmt"/>
        <line num="307" count="14" type="stmt"/>
      </file>
    </package>
    <package name="Components.NavBar">
      <metrics statements="1" coveredstatements="1" conditionals="0" coveredconditionals="0" methods="1" coveredmethods="1"/>
      <file name="NavBar.tsx" path="C:\Users\htham\Documents\Revature\InfoSysTraining\project_2_trackr\frontend\revproj2\src\Components\NavBar\NavBar.tsx">
        <metrics statements="1" coveredstatements="1" conditionals="0" coveredconditionals="0" methods="1" coveredmethods="1"/>
        <line num="4" count="8" type="stmt"/>
      </file>
    </package>
    <package name="Components.PostFeed">
      <metrics statements="96" coveredstatements="66" conditionals="37" coveredconditionals="30" methods="28" coveredmethods="23"/>
      <file name="FeedSearch.tsx" path="C:\Users\htham\Documents\Revature\InfoSysTraining\project_2_trackr\frontend\revproj2\src\Components\PostFeed\FeedSearch.tsx">
        <metrics statements="22" coveredstatements="21" conditionals="2" coveredconditionals="1" methods="6" coveredmethods="6"/>
        <line num="16" count="27" type="stmt"/>
        <line num="17" count="27" type="stmt"/>
        <line num="19" count="27" type="stmt"/>
        <line num="20" count="11" type="stmt"/>
        <line num="23" count="27" type="stmt"/>
        <line num="24" count="2" type="stmt"/>
        <line num="25" count="2" type="stmt"/>
        <line num="29" count="2" type="stmt"/>
        <line num="30" count="2" type="stmt"/>
        <line num="33" count="27" type="stmt"/>
        <line num="34" count="4" type="stmt"/>
        <line num="35" count="4" type="stmt"/>
        <line num="36" count="4" type="cond" truecount="1" falsecount="1"/>
        <line num="37" count="0" type="stmt"/>
        <line num="39" count="4" type="stmt"/>
        <line num="43" count="27" type="stmt"/>
        <line num="44" count="1" type="stmt"/>
        <line num="47" count="27" type="stmt"/>
        <line num="48" count="1" type="stmt"/>
        <line num="49" count="1" type="stmt"/>
        <line num="50" count="1" type="stmt"/>
        <line num="53" count="27" type="stmt"/>
      </file>
      <file name="PostFeedDumb.tsx" path="C:\Users\htham\Documents\Revature\InfoSysTraining\project_2_trackr\frontend\revproj2\src\Components\PostFeed\PostFeedDumb.tsx">
        <metrics statements="4" coveredstatements="1" conditionals="2" coveredconditionals="0" methods="4" coveredmethods="1"/>
        <line num="13" count="3" type="stmt"/>
        <line num="18" count="0" type="stmt"/>
        <line num="21" count="0" type="stmt"/>
        <line num="24" count="0" type="cond" truecount="0" falsecount="2"/>
      </file>
      <file name="PostFeedSmart.tsx" path="C:\Users\htham\Documents\Revature\InfoSysTraining\project_2_trackr\frontend\revproj2\src\Components\PostFeed\PostFeedSmart.tsx">
        <metrics statements="30" coveredstatements="6" conditionals="2" coveredconditionals="0" methods="3" coveredmethods="1"/>
        <line num="14" count="3" type="stmt"/>
        <line num="15" count="3" type="stmt"/>
        <line num="16" count="3" type="stmt"/>
        <line num="17" count="3" type="stmt"/>
        <line num="19" count="3" type="stmt"/>
        <line num="20" count="0" type="stmt"/>
        <line num="21" count="0" type="stmt"/>
        <line num="22" count="0" type="stmt"/>
        <line num="23" count="0" type="stmt"/>
        <line num="24" count="0" type="stmt"/>
        <line num="25" count="0" type="stmt"/>
        <line num="26" count="0" type="stmt"/>
        <line num="27" count="0" type="stmt"/>
        <line num="28" count="0" type="cond" truecount="0" falsecount="2"/>
        <line num="29" count="0" type="stmt"/>
        <line num="31" count="0" type="stmt"/>
        <line num="37" count="0" type="stmt"/>
        <line num="38" count="0" type="stmt"/>
        <line num="40" count="0" type="stmt"/>
        <line num="41" count="0" type="stmt"/>
        <line num="44" count="0" type="stmt"/>
        <line num="45" count="0" type="stmt"/>
        <line num="46" count="0" type="stmt"/>
        <line num="47" count="0" type="stmt"/>
        <line num="48" count="0" type="stmt"/>
        <line num="49" count="0" type="stmt"/>
        <line num="51" count="0" type="stmt"/>
        <line num="55" count="0" type="stmt"/>
        <line num="58" count="0" type="stmt"/>
        <line num="64" count="3" type="stmt"/>
      </file>
      <file name="PostList.tsx" path="C:\Users\htham\Documents\Revature\InfoSysTraining\project_2_trackr\frontend\revproj2\src\Components\PostFeed\PostList.tsx">
        <metrics statements="40" coveredstatements="38" conditionals="31" coveredconditionals="29" methods="15" coveredmethods="15"/>
        <line num="8" count="13" type="stmt"/>
        <line num="9" count="13" type="stmt"/>
        <line num="10" count="13" type="stmt"/>
        <line num="11" count="13" type="stmt"/>
        <line num="12" count="13" type="stmt"/>
        <line num="13" count="13" type="stmt"/>
        <line num="16" count="13" type="stmt"/>
        <line num="19" count="8" type="cond" truecount="2" falsecount="0"/>
        <line num="20" count="2" type="stmt"/>
        <line num="21" count="2" type="stmt"/>
        <line num="24" count="2" type="cond" truecount="3" falsecount="1"/>
        <line num="25" count="2" type="stmt"/>
        <line num="27" count="2" type="cond" truecount="4" falsecount="0"/>
        <line num="28" count="1" type="stmt"/>
        <line num="29" count="1" type="stmt"/>
        <line num="33" count="0" type="stmt"/>
        <line num="37" count="2" type="stmt"/>
        <line num="38" count="2" type="stmt"/>
        <line num="41" count="8" type="stmt"/>
        <line num="42" count="8" type="cond" truecount="2" falsecount="0"/>
        <line num="47" count="13" type="stmt"/>
        <line num="48" count="7" type="stmt"/>
        <line num="49" count="7" type="stmt"/>
        <line num="51" count="7" type="cond" truecount="4" falsecount="0"/>
        <line num="52" count="5" type="stmt"/>
        <line num="53" count="2" type="cond" truecount="2" falsecount="0"/>
        <line num="54" count="1" type="stmt"/>
        <line num="56" count="7" type="cond" truecount="2" falsecount="0"/>
        <line num="58" count="0" type="stmt"/>
        <line num="62" count="7" type="stmt"/>
        <line num="65" count="13" type="stmt"/>
        <line num="66" count="1" type="stmt"/>
        <line num="69" count="13" type="stmt"/>
        <line num="70" count="2" type="stmt"/>
        <line num="71" count="2" type="stmt"/>
        <line num="74" count="13" type="stmt"/>
        <line num="75" count="6" type="stmt"/>
        <line num="78" count="13" type="stmt"/>
        <line num="92" count="6" type="stmt"/>
        <line num="101" count="1" type="stmt"/>
      </file>
    </package>
    <package name="Components.PostFeed.Comments">
      <metrics statements="44" coveredstatements="23" conditionals="19" coveredconditionals="11" methods="7" coveredmethods="5"/>
      <file name="CommentDumb.tsx" path="C:\Users\htham\Documents\Revature\InfoSysTraining\project_2_trackr\frontend\revproj2\src\Components\PostFeed\Comments\CommentDumb.tsx">
        <metrics statements="2" coveredstatements="2" conditionals="0" coveredconditionals="0" methods="2" coveredmethods="2"/>
        <line num="12" count="5" type="stmt"/>
        <line num="16" count="1" type="stmt"/>
      </file>
      <file name="CommentList.tsx" path="C:\Users\htham\Documents\Revature\InfoSysTraining\project_2_trackr\frontend\revproj2\src\Components\PostFeed\Comments\CommentList.tsx">
        <metrics statements="42" coveredstatements="21" conditionals="19" coveredconditionals="11" methods="5" coveredmethods="3"/>
        <line num="10" count="2" type="stmt"/>
        <line num="11" count="2" type="stmt"/>
        <line num="12" count="2" type="stmt"/>
        <line num="13" count="2" type="stmt"/>
        <line num="14" count="2" type="stmt"/>
        <line num="15" count="2" type="stmt"/>
        <line num="18" count="2" type="stmt"/>
        <line num="19" count="1" type="cond" truecount="1" falsecount="1"/>
        <line num="20" count="1" type="stmt"/>
        <line num="21" count="1" type="stmt"/>
        <line num="22" count="1" type="stmt"/>
        <line num="23" count="1" type="stmt"/>
        <line num="24" count="1" type="stmt"/>
        <line num="25" count="1" type="stmt"/>
        <line num="26" count="0" type="stmt"/>
        <line num="28" count="1" type="stmt"/>
        <line num="29" count="1" type="stmt"/>
        <line num="31" count="1" type="stmt"/>
        <line num="32" count="1" type="stmt"/>
        <line num="35" count="1" type="stmt"/>
        <line num="39" count="2" type="stmt"/>
        <line num="40" count="0" type="stmt"/>
        <line num="41" count="0" type="cond" truecount="0" falsecount="2"/>
        <line num="43" count="0" type="cond" truecount="0" falsecount="2"/>
        <line num="44" count="0" type="stmt"/>
        <line num="45" count="0" type="stmt"/>
        <line num="48" count="0" type="stmt"/>
        <line num="49" count="0" type="stmt"/>
        <line num="50" count="0" type="stmt"/>
        <line num="53" count="0" type="stmt"/>
        <line num="54" count="0" type="stmt"/>
        <line num="55" count="0" type="stmt"/>
        <line num="56" count="0" type="stmt"/>
        <line num="58" count="0" type="stmt"/>
        <line num="59" count="0" type="stmt"/>
        <line num="61" count="0" type="stmt"/>
        <line num="62" count="0" type="stmt"/>
        <line num="64" count="0" type="stmt"/>
        <line num="65" count="0" type="stmt"/>
        <line num="67" count="0" type="stmt"/>
        <line num="71" count="2" type="stmt"/>
        <line num="85" count="0" type="stmt"/>
      </file>
    </package>
    <package name="Components.RouteGuard">
      <metrics statements="9" coveredstatements="9" conditionals="4" coveredconditionals="4" methods="1" coveredmethods="1"/>
      <file name="RouteGuard.tsx" path="C:\Users\htham\Documents\Revature\InfoSysTraining\project_2_trackr\frontend\revproj2\src\Components\RouteGuard\RouteGuard.tsx">
        <metrics statements="9" coveredstatements="9" conditionals="4" coveredconditionals="4" methods="1" coveredmethods="1"/>
        <line num="5" count="3" type="stmt"/>
        <line num="6" count="3" type="stmt"/>
        <line num="7" count="3" type="cond" truecount="2" falsecount="0"/>
        <line num="9" count="2" type="stmt"/>
        <line num="11" count="3" type="stmt"/>
        <line num="12" count="3" type="cond" truecount="2" falsecount="0"/>
        <line num="14" count="2" type="stmt"/>
        <line num="15" count="2" type="stmt"/>
        <line num="20" count="1" type="stmt"/>
      </file>
    </package>
    <package name="Components.SetUserGoals">
      <metrics statements="76" coveredstatements="4" conditionals="16" coveredconditionals="0" methods="21" coveredmethods="3"/>
      <file name="MakeNewGoal.tsx" path="C:\Users\htham\Documents\Revature\InfoSysTraining\project_2_trackr\frontend\revproj2\src\Components\SetUserGoals\MakeNewGoal.tsx">
        <metrics statements="4" coveredstatements="4" conditionals="0" coveredconditionals="0" methods="3" coveredmethods="3"/>
        <line num="6" count="1" type="stmt"/>
        <line num="7" count="1" type="stmt"/>
        <line num="8" count="1" type="stmt"/>
        <line num="10" count="1" type="stmt"/>
      </file>
      <file name="SetUserGoals.tsx" path="C:\Users\htham\Documents\Revature\InfoSysTraining\project_2_trackr\frontend\revproj2\src\Components\SetUserGoals\SetUserGoals.tsx">
        <metrics statements="72" coveredstatements="0" conditionals="16" coveredconditionals="0" methods="18" coveredmethods="0"/>
        <line num="5" count="0" type="stmt"/>
        <line num="8" count="0" type="stmt"/>
        <line num="9" count="0" type="stmt"/>
        <line num="10" count="0" type="stmt"/>
        <line num="11" count="0" type="stmt"/>
        <line num="12" count="0" type="stmt"/>
        <line num="14" count="0" type="stmt"/>
        <line num="15" count="0" type="stmt"/>
        <line num="16" count="0" type="stmt"/>
        <line num="18" count="0" type="stmt"/>
        <line num="19" count="0" type="stmt"/>
        <line num="21" count="0" type="stmt"/>
        <line num="22" count="0" type="stmt"/>
        <line num="23" count="0" type="stmt"/>
        <line num="24" count="0" type="stmt"/>
        <line num="27" count="0" type="stmt"/>
        <line num="30" count="0" type="stmt"/>
        <line num="32" count="0" type="stmt"/>
        <line num="34" count="0" type="stmt"/>
        <line num="35" count="0" type="cond" truecount="0" falsecount="2"/>
        <line num="36" count="0" type="stmt"/>
        <line num="37" count="0" type="stmt"/>
        <line num="39" count="0" type="stmt"/>
        <line num="44" count="0" type="stmt"/>
        <line num="46" count="0" type="stmt"/>
        <line num="47" count="0" type="cond" truecount="0" falsecount="2"/>
        <line num="48" count="0" type="stmt"/>
        <line num="49" count="0" type="stmt"/>
        <line num="55" count="0" type="cond" truecount="0" falsecount="2"/>
        <line num="56" count="0" type="stmt"/>
        <line num="58" count="0" type="stmt"/>
        <line num="59" count="0" type="stmt"/>
        <line num="61" count="0" type="stmt"/>
        <line num="64" count="0" type="stmt"/>
        <line num="68" count="0" type="stmt"/>
        <line num="69" count="0" type="cond" truecount="0" falsecount="4"/>
        <line num="71" count="0" type="stmt"/>
        <line num="72" count="0" type="stmt"/>
        <line num="73" count="0" type="stmt"/>
        <line num="78" count="0" type="cond" truecount="0" falsecount="2"/>
        <line num="79" count="0" type="stmt"/>
        <line num="81" count="0" type="stmt"/>
        <line num="82" count="0" type="stmt"/>
        <line num="83" count="0" type="stmt"/>
        <line num="85" count="0" type="stmt"/>
        <line num="88" count="0" type="stmt"/>
        <line num="92" count="0" type="stmt"/>
        <line num="101" count="0" type="stmt"/>
        <line num="108" count="0" type="stmt"/>
        <line num="111" count="0" type="stmt"/>
        <line num="118" count="0" type="stmt"/>
        <line num="121" count="0" type="stmt"/>
        <line num="132" count="0" type="stmt"/>
        <line num="133" count="0" type="stmt"/>
        <line num="142" count="0" type="cond" truecount="0" falsecount="2"/>
        <line num="143" count="0" type="stmt"/>
        <line num="146" count="0" type="stmt"/>
        <line num="147" count="0" type="stmt"/>
        <line num="148" count="0" type="stmt"/>
        <line num="150" count="0" type="stmt"/>
        <line num="154" count="0" type="stmt"/>
        <line num="180" count="0" type="stmt"/>
        <line num="190" count="0" type="stmt"/>
        <line num="200" count="0" type="stmt"/>
        <line num="210" count="0" type="stmt"/>
        <line num="220" count="0" type="stmt"/>
        <line num="231" count="0" type="stmt"/>
        <line num="241" count="0" type="stmt"/>
        <line num="251" count="0" type="stmt"/>
        <line num="262" count="0" type="stmt"/>
        <line num="273" count="0" type="stmt"/>
        <line num="284" count="0" type="stmt"/>
      </file>
    </package>
    <package name="Components.UserLogin">
      <metrics statements="4" coveredstatements="4" conditionals="0" coveredconditionals="0" methods="3" coveredmethods="3"/>
      <file name="UserLogin.tsx" path="C:\Users\htham\Documents\Revature\InfoSysTraining\project_2_trackr\frontend\revproj2\src\Components\UserLogin\UserLogin.tsx">
        <metrics statements="4" coveredstatements="4" conditionals="0" coveredconditionals="0" methods="3" coveredmethods="3"/>
        <line num="22" count="1" type="stmt"/>
        <line num="24" count="1" type="stmt"/>
        <line num="29" count="1" type="stmt"/>
        <line num="33" count="1" type="stmt"/>
      </file>
    </package>
  </project>
</coverage>
