{"C:\\Users\\htham\\Documents\\Revature\\InfoSysTraining\\project_2_trackr\\frontend\\revproj2\\src\\API\\Axios.ts": {"path":"C:\\Users\\htham\\Documents\\Revature\\InfoSysTraining\\project_2_trackr\\frontend\\revproj2\\src\\API\\Axios.ts","statementMap":{"0":{"start":{"line":6,"column":30},"end":{"line":6,"column":59}},"1":{"start":{"line":7,"column":0},"end":{"line":7,"column":19}},"2":{"start":{"line":9,"column":24},"end":{"line":29,"column":1}},"3":{"start":{"line":10,"column":4},"end":{"line":28,"column":5}},"4":{"start":{"line":12,"column":15},"end":{"line":12,"column":44}},"5":{"start":{"line":13,"column":20},"end":{"line":13,"column":44}},"6":{"start":{"line":14,"column":20},"end":{"line":14,"column":49}},"7":{"start":{"line":16,"column":8},"end":{"line":23,"column":11}},"8":{"start":{"line":24,"column":8},"end":{"line":24,"column":50}},"9":{"start":{"line":27,"column":8},"end":{"line":27,"column":55}},"10":{"start":{"line":31,"column":30},"end":{"line":61,"column":1}},"11":{"start":{"line":32,"column":1},"end":{"line":60,"column":2}},"12":{"start":{"line":34,"column":15},"end":{"line":34,"column":44}},"13":{"start":{"line":35,"column":20},"end":{"line":35,"column":44}},"14":{"start":{"line":36,"column":13},"end":{"line":36,"column":42}},"15":{"start":{"line":38,"column":14},"end":{"line":45,"column":3}},"16":{"start":{"line":46,"column":1},"end":{"line":55,"column":3}},"17":{"start":{"line":48,"column":2},"end":{"line":48,"column":36}},"18":{"start":{"line":49,"column":2},"end":{"line":49,"column":27}},"19":{"start":{"line":50,"column":2},"end":{"line":50,"column":21}},"20":{"start":{"line":54,"column":2},"end":{"line":54,"column":18}},"21":{"start":{"line":59,"column":2},"end":{"line":59,"column":50}},"22":{"start":{"line":63,"column":28},"end":{"line":94,"column":1}},"23":{"start":{"line":64,"column":4},"end":{"line":93,"column":5}},"24":{"start":{"line":66,"column":15},"end":{"line":66,"column":44}},"25":{"start":{"line":67,"column":20},"end":{"line":67,"column":44}},"26":{"start":{"line":68,"column":20},"end":{"line":68,"column":92}},"27":{"start":{"line":70,"column":21},"end":{"line":77,"column":10}},"28":{"start":{"line":79,"column":1},"end":{"line":88,"column":2}},"29":{"start":{"line":81,"column":2},"end":{"line":81,"column":34}},"30":{"start":{"line":82,"column":2},"end":{"line":82,"column":27}},"31":{"start":{"line":83,"column":2},"end":{"line":83,"column":21}},"32":{"start":{"line":87,"column":2},"end":{"line":87,"column":18}},"33":{"start":{"line":92,"column":8},"end":{"line":92,"column":55}},"34":{"start":{"line":96,"column":29},"end":{"line":117,"column":1}},"35":{"start":{"line":97,"column":4},"end":{"line":115,"column":5}},"36":{"start":{"line":99,"column":15},"end":{"line":99,"column":44}},"37":{"start":{"line":100,"column":20},"end":{"line":100,"column":44}},"38":{"start":{"line":101,"column":20},"end":{"line":101,"column":78}},"39":{"start":{"line":103,"column":8},"end":{"line":110,"column":11}},"40":{"start":{"line":111,"column":8},"end":{"line":111,"column":48}},"41":{"start":{"line":114,"column":8},"end":{"line":114,"column":53}},"42":{"start":{"line":119,"column":23},"end":{"line":146,"column":1}},"43":{"start":{"line":120,"column":4},"end":{"line":145,"column":5}},"44":{"start":{"line":122,"column":15},"end":{"line":122,"column":44}},"45":{"start":{"line":123,"column":20},"end":{"line":123,"column":44}},"46":{"start":{"line":124,"column":20},"end":{"line":124,"column":54}},"47":{"start":{"line":126,"column":21},"end":{"line":132,"column":3}},"48":{"start":{"line":133,"column":8},"end":{"line":141,"column":9}},"49":{"start":{"line":135,"column":12},"end":{"line":135,"column":43}},"50":{"start":{"line":136,"column":12},"end":{"line":136,"column":37}},"51":{"start":{"line":137,"column":12},"end":{"line":137,"column":31}},"52":{"start":{"line":140,"column":12},"end":{"line":140,"column":28}},"53":{"start":{"line":144,"column":8},"end":{"line":144,"column":58}},"54":{"start":{"line":148,"column":36},"end":{"line":180,"column":1}},"55":{"start":{"line":149,"column":1},"end":{"line":178,"column":2}},"56":{"start":{"line":151,"column":15},"end":{"line":151,"column":44}},"57":{"start":{"line":152,"column":20},"end":{"line":152,"column":44}},"58":{"start":{"line":153,"column":1},"end":{"line":153,"column":20}},"59":{"start":{"line":154,"column":13},"end":{"line":154,"column":39}},"60":{"start":{"line":156,"column":14},"end":{"line":164,"column":3}},"61":{"start":{"line":166,"column":1},"end":{"line":174,"column":2}},"62":{"start":{"line":168,"column":2},"end":{"line":168,"column":33}},"63":{"start":{"line":169,"column":2},"end":{"line":169,"column":21}},"64":{"start":{"line":173,"column":2},"end":{"line":173,"column":18}},"65":{"start":{"line":177,"column":2},"end":{"line":177,"column":54}},"66":{"start":{"line":182,"column":27},"end":{"line":213,"column":1}},"67":{"start":{"line":183,"column":1},"end":{"line":212,"column":2}},"68":{"start":{"line":185,"column":16},"end":{"line":185,"column":45}},"69":{"start":{"line":186,"column":20},"end":{"line":186,"column":44}},"70":{"start":{"line":187,"column":13},"end":{"line":187,"column":64}},"71":{"start":{"line":189,"column":15},"end":{"line":197,"column":4}},"72":{"start":{"line":198,"column":2},"end":{"line":207,"column":2}},"73":{"start":{"line":200,"column":4},"end":{"line":200,"column":37}},"74":{"start":{"line":201,"column":4},"end":{"line":201,"column":21}},"75":{"start":{"line":202,"column":4},"end":{"line":202,"column":29}},"76":{"start":{"line":203,"column":4},"end":{"line":203,"column":23}},"77":{"start":{"line":206,"column":4},"end":{"line":206,"column":20}},"78":{"start":{"line":211,"column":2},"end":{"line":211,"column":54}},"79":{"start":{"line":215,"column":33},"end":{"line":243,"column":1}},"80":{"start":{"line":217,"column":1},"end":{"line":242,"column":2}},"81":{"start":{"line":218,"column":15},"end":{"line":218,"column":44}},"82":{"start":{"line":219,"column":20},"end":{"line":219,"column":44}},"83":{"start":{"line":220,"column":13},"end":{"line":220,"column":57}},"84":{"start":{"line":222,"column":15},"end":{"line":229,"column":3}},"85":{"start":{"line":230,"column":1},"end":{"line":238,"column":2}},"86":{"start":{"line":232,"column":2},"end":{"line":232,"column":30}},"87":{"start":{"line":233,"column":2},"end":{"line":233,"column":28}},"88":{"start":{"line":234,"column":2},"end":{"line":234,"column":22}},"89":{"start":{"line":237,"column":2},"end":{"line":237,"column":18}},"90":{"start":{"line":241,"column":2},"end":{"line":241,"column":50}},"91":{"start":{"line":245,"column":31},"end":{"line":274,"column":1}},"92":{"start":{"line":246,"column":1},"end":{"line":273,"column":2}},"93":{"start":{"line":248,"column":15},"end":{"line":248,"column":44}},"94":{"start":{"line":249,"column":20},"end":{"line":249,"column":44}},"95":{"start":{"line":250,"column":14},"end":{"line":250,"column":56}},"96":{"start":{"line":252,"column":16},"end":{"line":259,"column":3}},"97":{"start":{"line":260,"column":1},"end":{"line":269,"column":2}},"98":{"start":{"line":262,"column":2},"end":{"line":262,"column":31}},"99":{"start":{"line":263,"column":2},"end":{"line":263,"column":28}},"100":{"start":{"line":264,"column":2},"end":{"line":264,"column":22}},"101":{"start":{"line":268,"column":2},"end":{"line":268,"column":18}},"102":{"start":{"line":272,"column":2},"end":{"line":272,"column":50}},"103":{"start":{"line":277,"column":32},"end":{"line":306,"column":1}},"104":{"start":{"line":278,"column":1},"end":{"line":305,"column":2}},"105":{"start":{"line":280,"column":15},"end":{"line":280,"column":44}},"106":{"start":{"line":281,"column":20},"end":{"line":281,"column":44}},"107":{"start":{"line":282,"column":14},"end":{"line":282,"column":57}},"108":{"start":{"line":284,"column":16},"end":{"line":291,"column":3}},"109":{"start":{"line":292,"column":1},"end":{"line":301,"column":2}},"110":{"start":{"line":294,"column":2},"end":{"line":294,"column":31}},"111":{"start":{"line":295,"column":2},"end":{"line":295,"column":28}},"112":{"start":{"line":296,"column":2},"end":{"line":296,"column":22}},"113":{"start":{"line":300,"column":2},"end":{"line":300,"column":18}},"114":{"start":{"line":304,"column":2},"end":{"line":304,"column":51}},"115":{"start":{"line":308,"column":33},"end":{"line":337,"column":1}},"116":{"start":{"line":309,"column":1},"end":{"line":336,"column":2}},"117":{"start":{"line":311,"column":15},"end":{"line":311,"column":44}},"118":{"start":{"line":312,"column":20},"end":{"line":312,"column":44}},"119":{"start":{"line":313,"column":13},"end":{"line":313,"column":60}},"120":{"start":{"line":315,"column":15},"end":{"line":322,"column":3}},"121":{"start":{"line":323,"column":1},"end":{"line":332,"column":2}},"122":{"start":{"line":325,"column":2},"end":{"line":325,"column":44}},"123":{"start":{"line":326,"column":2},"end":{"line":326,"column":27}},"124":{"start":{"line":327,"column":2},"end":{"line":327,"column":21}},"125":{"start":{"line":331,"column":2},"end":{"line":331,"column":18}},"126":{"start":{"line":335,"column":2},"end":{"line":335,"column":59}},"127":{"start":{"line":340,"column":27},"end":{"line":360,"column":1}},"128":{"start":{"line":341,"column":4},"end":{"line":359,"column":5}},"129":{"start":{"line":343,"column":15},"end":{"line":343,"column":44}},"130":{"start":{"line":344,"column":20},"end":{"line":344,"column":44}},"131":{"start":{"line":345,"column":20},"end":{"line":345,"column":58}},"132":{"start":{"line":346,"column":2},"end":{"line":346,"column":23}},"133":{"start":{"line":347,"column":8},"end":{"line":354,"column":11}},"134":{"start":{"line":355,"column":8},"end":{"line":355,"column":37}},"135":{"start":{"line":358,"column":8},"end":{"line":358,"column":55}},"136":{"start":{"line":364,"column":30},"end":{"line":384,"column":1}},"137":{"start":{"line":365,"column":4},"end":{"line":383,"column":5}},"138":{"start":{"line":367,"column":15},"end":{"line":367,"column":44}},"139":{"start":{"line":368,"column":20},"end":{"line":368,"column":44}},"140":{"start":{"line":369,"column":20},"end":{"line":369,"column":50}},"141":{"start":{"line":371,"column":8},"end":{"line":378,"column":11}},"142":{"start":{"line":379,"column":8},"end":{"line":379,"column":47}},"143":{"start":{"line":382,"column":8},"end":{"line":382,"column":52}},"144":{"start":{"line":386,"column":31},"end":{"line":413,"column":1}},"145":{"start":{"line":387,"column":4},"end":{"line":412,"column":5}},"146":{"start":{"line":389,"column":15},"end":{"line":389,"column":44}},"147":{"start":{"line":390,"column":20},"end":{"line":390,"column":44}},"148":{"start":{"line":391,"column":20},"end":{"line":391,"column":60}},"149":{"start":{"line":393,"column":21},"end":{"line":399,"column":3}},"150":{"start":{"line":400,"column":8},"end":{"line":408,"column":9}},"151":{"start":{"line":402,"column":12},"end":{"line":402,"column":52}},"152":{"start":{"line":403,"column":12},"end":{"line":403,"column":37}},"153":{"start":{"line":404,"column":12},"end":{"line":404,"column":31}},"154":{"start":{"line":407,"column":12},"end":{"line":407,"column":28}},"155":{"start":{"line":411,"column":8},"end":{"line":411,"column":58}},"156":{"start":{"line":415,"column":38},"end":{"line":445,"column":1}},"157":{"start":{"line":416,"column":1},"end":{"line":444,"column":2}},"158":{"start":{"line":418,"column":15},"end":{"line":418,"column":44}},"159":{"start":{"line":419,"column":20},"end":{"line":419,"column":44}},"160":{"start":{"line":420,"column":13},"end":{"line":420,"column":49}},"161":{"start":{"line":422,"column":14},"end":{"line":429,"column":3}},"162":{"start":{"line":430,"column":1},"end":{"line":439,"column":3}},"163":{"start":{"line":432,"column":2},"end":{"line":432,"column":45}},"164":{"start":{"line":433,"column":2},"end":{"line":433,"column":27}},"165":{"start":{"line":434,"column":2},"end":{"line":434,"column":21}},"166":{"start":{"line":438,"column":2},"end":{"line":438,"column":18}},"167":{"start":{"line":443,"column":2},"end":{"line":443,"column":50}}},"fnMap":{"0":{"name":"(anonymous_0)","decl":{"start":{"line":9,"column":24},"end":{"line":9,"column":25}},"loc":{"start":{"line":9,"column":55},"end":{"line":29,"column":1}},"line":9},"1":{"name":"(anonymous_1)","decl":{"start":{"line":31,"column":30},"end":{"line":31,"column":31}},"loc":{"start":{"line":31,"column":42},"end":{"line":61,"column":1}},"line":31},"2":{"name":"(anonymous_2)","decl":{"start":{"line":63,"column":28},"end":{"line":63,"column":29}},"loc":{"start":{"line":63,"column":57},"end":{"line":94,"column":1}},"line":63},"3":{"name":"(anonymous_3)","decl":{"start":{"line":96,"column":29},"end":{"line":96,"column":30}},"loc":{"start":{"line":96,"column":57},"end":{"line":117,"column":1}},"line":96},"4":{"name":"(anonymous_4)","decl":{"start":{"line":119,"column":23},"end":{"line":119,"column":24}},"loc":{"start":{"line":119,"column":35},"end":{"line":146,"column":1}},"line":119},"5":{"name":"(anonymous_5)","decl":{"start":{"line":148,"column":36},"end":{"line":148,"column":37}},"loc":{"start":{"line":148,"column":48},"end":{"line":180,"column":1}},"line":148},"6":{"name":"(anonymous_6)","decl":{"start":{"line":182,"column":27},"end":{"line":182,"column":28}},"loc":{"start":{"line":182,"column":69},"end":{"line":213,"column":1}},"line":182},"7":{"name":"(anonymous_7)","decl":{"start":{"line":215,"column":33},"end":{"line":215,"column":34}},"loc":{"start":{"line":215,"column":62},"end":{"line":243,"column":1}},"line":215},"8":{"name":"(anonymous_8)","decl":{"start":{"line":245,"column":31},"end":{"line":245,"column":32}},"loc":{"start":{"line":245,"column":57},"end":{"line":274,"column":1}},"line":245},"9":{"name":"(anonymous_9)","decl":{"start":{"line":277,"column":32},"end":{"line":277,"column":33}},"loc":{"start":{"line":277,"column":58},"end":{"line":306,"column":1}},"line":277},"10":{"name":"(anonymous_10)","decl":{"start":{"line":308,"column":33},"end":{"line":308,"column":34}},"loc":{"start":{"line":308,"column":59},"end":{"line":337,"column":1}},"line":308},"11":{"name":"(anonymous_11)","decl":{"start":{"line":340,"column":27},"end":{"line":340,"column":28}},"loc":{"start":{"line":340,"column":57},"end":{"line":360,"column":1}},"line":340},"12":{"name":"(anonymous_12)","decl":{"start":{"line":364,"column":30},"end":{"line":364,"column":31}},"loc":{"start":{"line":364,"column":65},"end":{"line":384,"column":1}},"line":364},"13":{"name":"(anonymous_13)","decl":{"start":{"line":386,"column":31},"end":{"line":386,"column":32}},"loc":{"start":{"line":386,"column":43},"end":{"line":413,"column":1}},"line":386},"14":{"name":"(anonymous_14)","decl":{"start":{"line":415,"column":38},"end":{"line":415,"column":39}},"loc":{"start":{"line":415,"column":50},"end":{"line":445,"column":1}},"line":415}},"branchMap":{"0":{"loc":{"start":{"line":46,"column":1},"end":{"line":55,"column":3}},"type":"if","locations":[{"start":{"line":46,"column":1},"end":{"line":55,"column":3}},{"start":{"line":53,"column":2},"end":{"line":55,"column":3}}],"line":46},"1":{"loc":{"start":{"line":46,"column":4},"end":{"line":46,"column":34}},"type":"binary-expr","locations":[{"start":{"line":46,"column":4},"end":{"line":46,"column":10}},{"start":{"line":46,"column":14},"end":{"line":46,"column":34}}],"line":46},"2":{"loc":{"start":{"line":79,"column":1},"end":{"line":88,"column":2}},"type":"if","locations":[{"start":{"line":79,"column":1},"end":{"line":88,"column":2}},{"start":{"line":86,"column":1},"end":{"line":88,"column":2}}],"line":79},"3":{"loc":{"start":{"line":79,"column":4},"end":{"line":79,"column":35}},"type":"binary-expr","locations":[{"start":{"line":79,"column":4},"end":{"line":79,"column":10}},{"start":{"line":79,"column":14},"end":{"line":79,"column":35}}],"line":79},"4":{"loc":{"start":{"line":133,"column":8},"end":{"line":141,"column":9}},"type":"if","locations":[{"start":{"line":133,"column":8},"end":{"line":141,"column":9}},{"start":{"line":139,"column":12},"end":{"line":141,"column":9}}],"line":133},"5":{"loc":{"start":{"line":133,"column":11},"end":{"line":133,"column":42}},"type":"binary-expr","locations":[{"start":{"line":133,"column":11},"end":{"line":133,"column":17}},{"start":{"line":133,"column":21},"end":{"line":133,"column":42}}],"line":133},"6":{"loc":{"start":{"line":166,"column":1},"end":{"line":174,"column":2}},"type":"if","locations":[{"start":{"line":166,"column":1},"end":{"line":174,"column":2}},{"start":{"line":172,"column":1},"end":{"line":174,"column":2}}],"line":166},"7":{"loc":{"start":{"line":166,"column":4},"end":{"line":166,"column":35}},"type":"binary-expr","locations":[{"start":{"line":166,"column":4},"end":{"line":166,"column":10}},{"start":{"line":166,"column":14},"end":{"line":166,"column":35}}],"line":166},"8":{"loc":{"start":{"line":198,"column":2},"end":{"line":207,"column":2}},"type":"if","locations":[{"start":{"line":198,"column":2},"end":{"line":207,"column":2}},{"start":{"line":205,"column":6},"end":{"line":207,"column":2}}],"line":198},"9":{"loc":{"start":{"line":198,"column":5},"end":{"line":198,"column":35}},"type":"binary-expr","locations":[{"start":{"line":198,"column":5},"end":{"line":198,"column":11}},{"start":{"line":198,"column":15},"end":{"line":198,"column":35}}],"line":198},"10":{"loc":{"start":{"line":230,"column":1},"end":{"line":238,"column":2}},"type":"if","locations":[{"start":{"line":230,"column":1},"end":{"line":238,"column":2}},{"start":{"line":236,"column":6},"end":{"line":238,"column":2}}],"line":230},"11":{"loc":{"start":{"line":230,"column":4},"end":{"line":230,"column":37}},"type":"binary-expr","locations":[{"start":{"line":230,"column":4},"end":{"line":230,"column":11}},{"start":{"line":230,"column":15},"end":{"line":230,"column":37}}],"line":230},"12":{"loc":{"start":{"line":260,"column":1},"end":{"line":269,"column":2}},"type":"if","locations":[{"start":{"line":260,"column":1},"end":{"line":269,"column":2}},{"start":{"line":267,"column":1},"end":{"line":269,"column":2}}],"line":260},"13":{"loc":{"start":{"line":260,"column":4},"end":{"line":260,"column":37}},"type":"binary-expr","locations":[{"start":{"line":260,"column":4},"end":{"line":260,"column":11}},{"start":{"line":260,"column":15},"end":{"line":260,"column":37}}],"line":260},"14":{"loc":{"start":{"line":292,"column":1},"end":{"line":301,"column":2}},"type":"if","locations":[{"start":{"line":292,"column":1},"end":{"line":301,"column":2}},{"start":{"line":299,"column":1},"end":{"line":301,"column":2}}],"line":292},"15":{"loc":{"start":{"line":292,"column":4},"end":{"line":292,"column":37}},"type":"binary-expr","locations":[{"start":{"line":292,"column":4},"end":{"line":292,"column":11}},{"start":{"line":292,"column":15},"end":{"line":292,"column":37}}],"line":292},"16":{"loc":{"start":{"line":323,"column":1},"end":{"line":332,"column":2}},"type":"if","locations":[{"start":{"line":323,"column":1},"end":{"line":332,"column":2}},{"start":{"line":330,"column":1},"end":{"line":332,"column":2}}],"line":323},"17":{"loc":{"start":{"line":323,"column":4},"end":{"line":323,"column":35}},"type":"binary-expr","locations":[{"start":{"line":323,"column":4},"end":{"line":323,"column":10}},{"start":{"line":323,"column":14},"end":{"line":323,"column":35}}],"line":323},"18":{"loc":{"start":{"line":400,"column":8},"end":{"line":408,"column":9}},"type":"if","locations":[{"start":{"line":400,"column":8},"end":{"line":408,"column":9}},{"start":{"line":406,"column":12},"end":{"line":408,"column":9}}],"line":400},"19":{"loc":{"start":{"line":400,"column":11},"end":{"line":400,"column":42}},"type":"binary-expr","locations":[{"start":{"line":400,"column":11},"end":{"line":400,"column":17}},{"start":{"line":400,"column":21},"end":{"line":400,"column":42}}],"line":400},"20":{"loc":{"start":{"line":430,"column":1},"end":{"line":439,"column":3}},"type":"if","locations":[{"start":{"line":430,"column":1},"end":{"line":439,"column":3}},{"start":{"line":437,"column":2},"end":{"line":439,"column":3}}],"line":430},"21":{"loc":{"start":{"line":430,"column":4},"end":{"line":430,"column":34}},"type":"binary-expr","locations":[{"start":{"line":430,"column":4},"end":{"line":430,"column":10}},{"start":{"line":430,"column":14},"end":{"line":430,"column":34}}],"line":430}},"s":{"0":1,"1":1,"2":1,"3":1,"4":1,"5":1,"6":1,"7":1,"8":1,"9":0,"10":1,"11":1,"12":1,"13":1,"14":1,"15":1,"16":1,"17":1,"18":1,"19":1,"20":0,"21":0,"22":1,"23":1,"24":1,"25":1,"26":1,"27":1,"28":1,"29":1,"30":1,"31":1,"32":0,"33":0,"34":1,"35":1,"36":1,"37":1,"38":1,"39":1,"40":1,"41":0,"42":1,"43":1,"44":1,"45":1,"46":1,"47":1,"48":1,"49":1,"50":1,"51":1,"52":0,"53":0,"54":1,"55":1,"56":1,"57":1,"58":1,"59":1,"60":1,"61":1,"62":1,"63":1,"64":0,"65":0,"66":1,"67":1,"68":1,"69":1,"70":1,"71":1,"72":1,"73":1,"74":1,"75":1,"76":1,"77":0,"78":0,"79":1,"80":1,"81":1,"82":1,"83":1,"84":1,"85":1,"86":1,"87":1,"88":1,"89":0,"90":0,"91":1,"92":1,"93":1,"94":1,"95":1,"96":1,"97":1,"98":1,"99":1,"100":1,"101":0,"102":0,"103":1,"104":1,"105":1,"106":1,"107":1,"108":1,"109":1,"110":1,"111":1,"112":1,"113":0,"114":0,"115":1,"116":1,"117":1,"118":1,"119":1,"120":1,"121":1,"122":1,"123":1,"124":1,"125":0,"126":0,"127":1,"128":1,"129":1,"130":1,"131":1,"132":1,"133":1,"134":1,"135":0,"136":1,"137":1,"138":1,"139":1,"140":1,"141":1,"142":1,"143":0,"144":1,"145":1,"146":1,"147":1,"148":1,"149":1,"150":1,"151":1,"152":1,"153":1,"154":0,"155":0,"156":1,"157":1,"158":1,"159":1,"160":1,"161":1,"162":1,"163":1,"164":1,"165":1,"166":0,"167":0},"f":{"0":1,"1":1,"2":1,"3":1,"4":1,"5":1,"6":1,"7":1,"8":1,"9":1,"10":1,"11":1,"12":1,"13":1,"14":1},"b":{"0":[1,0],"1":[1,1],"2":[1,0],"3":[1,1],"4":[1,0],"5":[1,1],"6":[1,0],"7":[1,1],"8":[1,0],"9":[1,1],"10":[1,0],"11":[1,1],"12":[1,0],"13":[1,1],"14":[1,0],"15":[1,1],"16":[1,0],"17":[1,1],"18":[1,0],"19":[1,1],"20":[1,0],"21":[1,1]},"_coverageSchema":"1a1c01bbd47fc00a2c39e90264f33305004495a9","hash":"c0936ce82f9571e53828128c7323d2814b797f44"}
,"C:\\Users\\htham\\Documents\\Revature\\InfoSysTraining\\project_2_trackr\\frontend\\revproj2\\src\\Calendar\\CalendarPage.tsx": {"path":"C:\\Users\\htham\\Documents\\Revature\\InfoSysTraining\\project_2_trackr\\frontend\\revproj2\\src\\Calendar\\CalendarPage.tsx","statementMap":{"0":{"start":{"line":7,"column":19},"end":{"line":7,"column":32}},"1":{"start":{"line":8,"column":40},"end":{"line":8,"column":60}},"2":{"start":{"line":11,"column":28},"end":{"line":11,"column":48}},"3":{"start":{"line":12,"column":34},"end":{"line":12,"column":54}},"4":{"start":{"line":13,"column":30},"end":{"line":13,"column":59}},"5":{"start":{"line":16,"column":34},"end":{"line":16,"column":63}},"6":{"start":{"line":17,"column":36},"end":{"line":17,"column":65}},"7":{"start":{"line":18,"column":36},"end":{"line":18,"column":67}},"8":{"start":{"line":21,"column":42},"end":{"line":21,"column":81}},"9":{"start":{"line":24,"column":15},"end":{"line":24,"column":40}},"10":{"start":{"line":25,"column":16},"end":{"line":25,"column":38}},"11":{"start":{"line":26,"column":26},"end":{"line":26,"column":50}},"12":{"start":{"line":27,"column":25},"end":{"line":27,"column":49}},"13":{"start":{"line":28,"column":25},"end":{"line":28,"column":53}},"14":{"start":{"line":29,"column":22},"end":{"line":29,"column":46}},"15":{"start":{"line":32,"column":46},"end":{"line":32,"column":48}},"16":{"start":{"line":33,"column":2},"end":{"line":35,"column":3}},"17":{"start":{"line":33,"column":15},"end":{"line":33,"column":16}},"18":{"start":{"line":34,"column":4},"end":{"line":34,"column":29}},"19":{"start":{"line":36,"column":2},"end":{"line":38,"column":3}},"20":{"start":{"line":36,"column":17},"end":{"line":36,"column":18}},"21":{"start":{"line":37,"column":4},"end":{"line":37,"column":28}},"22":{"start":{"line":43,"column":2},"end":{"line":48,"column":9}},"23":{"start":{"line":44,"column":21},"end":{"line":44,"column":50}},"24":{"start":{"line":45,"column":4},"end":{"line":47,"column":5}},"25":{"start":{"line":46,"column":6},"end":{"line":46,"column":37}},"26":{"start":{"line":50,"column":2},"end":{"line":67,"column":14}},"27":{"start":{"line":51,"column":4},"end":{"line":51,"column":23}},"28":{"start":{"line":51,"column":16},"end":{"line":51,"column":23}},"29":{"start":{"line":52,"column":20},"end":{"line":65,"column":5}},"30":{"start":{"line":53,"column":6},"end":{"line":64,"column":7}},"31":{"start":{"line":54,"column":20},"end":{"line":56,"column":10}},"32":{"start":{"line":57,"column":8},"end":{"line":59,"column":9}},"33":{"start":{"line":58,"column":10},"end":{"line":58,"column":59}},"34":{"start":{"line":60,"column":21},"end":{"line":60,"column":37}},"35":{"start":{"line":61,"column":8},"end":{"line":61,"column":26}},"36":{"start":{"line":63,"column":8},"end":{"line":63,"column":50}},"37":{"start":{"line":66,"column":4},"end":{"line":66,"column":14}},"38":{"start":{"line":69,"column":2},"end":{"line":87,"column":24}},"39":{"start":{"line":70,"column":4},"end":{"line":70,"column":36}},"40":{"start":{"line":70,"column":29},"end":{"line":70,"column":36}},"41":{"start":{"line":71,"column":22},"end":{"line":85,"column":5}},"42":{"start":{"line":72,"column":6},"end":{"line":84,"column":7}},"43":{"start":{"line":73,"column":20},"end":{"line":75,"column":10}},"44":{"start":{"line":76,"column":8},"end":{"line":78,"column":9}},"45":{"start":{"line":77,"column":10},"end":{"line":77,"column":77}},"46":{"start":{"line":79,"column":24},"end":{"line":79,"column":40}},"47":{"start":{"line":80,"column":8},"end":{"line":80,"column":30}},"48":{"start":{"line":81,"column":8},"end":{"line":81,"column":47}},"49":{"start":{"line":83,"column":8},"end":{"line":83,"column":51}},"50":{"start":{"line":86,"column":4},"end":{"line":86,"column":16}},"51":{"start":{"line":89,"column":2},"end":{"line":115,"column":22}},"52":{"start":{"line":90,"column":4},"end":{"line":90,"column":34}},"53":{"start":{"line":90,"column":27},"end":{"line":90,"column":34}},"54":{"start":{"line":91,"column":22},"end":{"line":113,"column":5}},"55":{"start":{"line":92,"column":6},"end":{"line":112,"column":7}},"56":{"start":{"line":93,"column":20},"end":{"line":95,"column":10}},"57":{"start":{"line":96,"column":8},"end":{"line":98,"column":9}},"58":{"start":{"line":97,"column":10},"end":{"line":97,"column":75}},"59":{"start":{"line":99,"column":24},"end":{"line":99,"column":40}},"60":{"start":{"line":100,"column":8},"end":{"line":100,"column":27}},"61":{"start":{"line":101,"column":8},"end":{"line":105,"column":9}},"62":{"start":{"line":102,"column":24},"end":{"line":102,"column":34}},"63":{"start":{"line":103,"column":33},"end":{"line":103,"column":150}},"64":{"start":{"line":104,"column":10},"end":{"line":104,"column":39}},"65":{"start":{"line":106,"column":8},"end":{"line":109,"column":9}},"66":{"start":{"line":107,"column":30},"end":{"line":107,"column":64}},"67":{"start":{"line":108,"column":10},"end":{"line":108,"column":35}},"68":{"start":{"line":111,"column":8},"end":{"line":111,"column":51}},"69":{"start":{"line":114,"column":4},"end":{"line":114,"column":16}},"70":{"start":{"line":117,"column":2},"end":{"line":125,"column":17}},"71":{"start":{"line":118,"column":4},"end":{"line":124,"column":5}},"72":{"start":{"line":119,"column":20},"end":{"line":119,"column":30}},"73":{"start":{"line":120,"column":29},"end":{"line":120,"column":146}},"74":{"start":{"line":121,"column":23},"end":{"line":121,"column":106}},"75":{"start":{"line":122,"column":6},"end":{"line":122,"column":42}},"76":{"start":{"line":122,"column":20},"end":{"line":122,"column":40}},"77":{"start":{"line":123,"column":6},"end":{"line":123,"column":26}},"78":{"start":{"line":128,"column":2},"end":{"line":135,"column":17}},"79":{"start":{"line":129,"column":4},"end":{"line":134,"column":5}},"80":{"start":{"line":130,"column":6},"end":{"line":133,"column":10}},"81":{"start":{"line":130,"column":33},"end":{"line":133,"column":7}},"82":{"start":{"line":137,"column":2},"end":{"line":144,"column":18}},"83":{"start":{"line":138,"column":4},"end":{"line":143,"column":5}},"84":{"start":{"line":139,"column":6},"end":{"line":142,"column":10}},"85":{"start":{"line":139,"column":33},"end":{"line":142,"column":7}},"86":{"start":{"line":147,"column":2},"end":{"line":163,"column":28}},"87":{"start":{"line":148,"column":24},"end":{"line":148,"column":43}},"88":{"start":{"line":149,"column":4},"end":{"line":152,"column":5}},"89":{"start":{"line":150,"column":6},"end":{"line":150,"column":35}},"90":{"start":{"line":151,"column":6},"end":{"line":151,"column":13}},"91":{"start":{"line":153,"column":4},"end":{"line":161,"column":5}},"92":{"start":{"line":153,"column":17},"end":{"line":153,"column":18}},"93":{"start":{"line":154,"column":27},"end":{"line":154,"column":53}},"94":{"start":{"line":155,"column":29},"end":{"line":155,"column":63}},"95":{"start":{"line":156,"column":20},"end":{"line":156,"column":63}},"96":{"start":{"line":157,"column":18},"end":{"line":157,"column":48}},"97":{"start":{"line":158,"column":6},"end":{"line":160,"column":7}},"98":{"start":{"line":159,"column":8},"end":{"line":159,"column":41}},"99":{"start":{"line":162,"column":4},"end":{"line":162,"column":33}},"100":{"start":{"line":168,"column":38},"end":{"line":168,"column":49}},"101":{"start":{"line":169,"column":58},"end":{"line":169,"column":69}},"102":{"start":{"line":172,"column":52},"end":{"line":172,"column":84}},"103":{"start":{"line":174,"column":2},"end":{"line":178,"column":43}},"104":{"start":{"line":175,"column":4},"end":{"line":177,"column":5}},"105":{"start":{"line":176,"column":6},"end":{"line":176,"column":28}},"106":{"start":{"line":180,"column":2},"end":{"line":203,"column":82}},"107":{"start":{"line":181,"column":4},"end":{"line":181,"column":24}},"108":{"start":{"line":181,"column":17},"end":{"line":181,"column":24}},"109":{"start":{"line":184,"column":19},"end":{"line":184,"column":36}},"110":{"start":{"line":187,"column":4},"end":{"line":189,"column":7}},"111":{"start":{"line":188,"column":6},"end":{"line":188,"column":26}},"112":{"start":{"line":192,"column":28},"end":{"line":201,"column":5}},"113":{"start":{"line":193,"column":6},"end":{"line":199,"column":7}},"114":{"start":{"line":193,"column":19},"end":{"line":193,"column":20}},"115":{"start":{"line":194,"column":22},"end":{"line":194,"column":104}},"116":{"start":{"line":195,"column":26},"end":{"line":195,"column":70}},"117":{"start":{"line":196,"column":8},"end":{"line":198,"column":9}},"118":{"start":{"line":197,"column":10},"end":{"line":197,"column":28}},"119":{"start":{"line":200,"column":6},"end":{"line":200,"column":35}},"120":{"start":{"line":202,"column":4},"end":{"line":202,"column":22}},"121":{"start":{"line":206,"column":16},"end":{"line":206,"column":26}},"122":{"start":{"line":207,"column":25},"end":{"line":209,"column":22}},"123":{"start":{"line":212,"column":19},"end":{"line":212,"column":38}},"124":{"start":{"line":214,"column":19},"end":{"line":214,"column":47}},"125":{"start":{"line":217,"column":4},"end":{"line":220,"column":5}},"126":{"start":{"line":218,"column":6},"end":{"line":218,"column":51}},"127":{"start":{"line":218,"column":34},"end":{"line":218,"column":51}},"128":{"start":{"line":219,"column":6},"end":{"line":219,"column":23}},"129":{"start":{"line":222,"column":4},"end":{"line":224,"column":5}},"130":{"start":{"line":223,"column":6},"end":{"line":223,"column":23}},"131":{"start":{"line":225,"column":4},"end":{"line":227,"column":5}},"132":{"start":{"line":226,"column":6},"end":{"line":226,"column":23}},"133":{"start":{"line":228,"column":4},"end":{"line":231,"column":5}},"134":{"start":{"line":230,"column":6},"end":{"line":230,"column":23}},"135":{"start":{"line":233,"column":4},"end":{"line":233,"column":21}},"136":{"start":{"line":241,"column":25},"end":{"line":241,"column":59}},"137":{"start":{"line":242,"column":27},"end":{"line":242,"column":61}},"138":{"start":{"line":243,"column":18},"end":{"line":243,"column":61}},"139":{"start":{"line":244,"column":4},"end":{"line":244,"column":30}},"140":{"start":{"line":250,"column":24},"end":{"line":252,"column":3}},"141":{"start":{"line":251,"column":4},"end":{"line":251,"column":49}},"142":{"start":{"line":253,"column":24},"end":{"line":255,"column":3}},"143":{"start":{"line":254,"column":4},"end":{"line":254,"column":49}},"144":{"start":{"line":260,"column":2},"end":{"line":411,"column":4}},"145":{"start":{"line":367,"column":12},"end":{"line":406,"column":13}},"146":{"start":{"line":369,"column":14},"end":{"line":378,"column":16}},"147":{"start":{"line":380,"column":29},"end":{"line":380,"column":58}},"148":{"start":{"line":381,"column":31},"end":{"line":381,"column":65}},"149":{"start":{"line":382,"column":28},"end":{"line":382,"column":59}},"150":{"start":{"line":383,"column":30},"end":{"line":383,"column":48}},"151":{"start":{"line":385,"column":14},"end":{"line":405,"column":16}},"152":{"start":{"line":388,"column":33},"end":{"line":388,"column":53}}},"fnMap":{"0":{"name":"CalendarPage","decl":{"start":{"line":6,"column":9},"end":{"line":6,"column":21}},"loc":{"start":{"line":6,"column":24},"end":{"line":412,"column":1}},"line":6},"1":{"name":"(anonymous_1)","decl":{"start":{"line":43,"column":12},"end":{"line":43,"column":13}},"loc":{"start":{"line":43,"column":18},"end":{"line":48,"column":3}},"line":43},"2":{"name":"(anonymous_2)","decl":{"start":{"line":50,"column":12},"end":{"line":50,"column":13}},"loc":{"start":{"line":50,"column":18},"end":{"line":67,"column":3}},"line":50},"3":{"name":"(anonymous_3)","decl":{"start":{"line":52,"column":20},"end":{"line":52,"column":21}},"loc":{"start":{"line":52,"column":32},"end":{"line":65,"column":5}},"line":52},"4":{"name":"(anonymous_4)","decl":{"start":{"line":69,"column":12},"end":{"line":69,"column":13}},"loc":{"start":{"line":69,"column":18},"end":{"line":87,"column":3}},"line":69},"5":{"name":"(anonymous_5)","decl":{"start":{"line":71,"column":22},"end":{"line":71,"column":23}},"loc":{"start":{"line":71,"column":34},"end":{"line":85,"column":5}},"line":71},"6":{"name":"(anonymous_6)","decl":{"start":{"line":89,"column":12},"end":{"line":89,"column":13}},"loc":{"start":{"line":89,"column":18},"end":{"line":115,"column":3}},"line":89},"7":{"name":"(anonymous_7)","decl":{"start":{"line":91,"column":22},"end":{"line":91,"column":23}},"loc":{"start":{"line":91,"column":34},"end":{"line":113,"column":5}},"line":91},"8":{"name":"(anonymous_8)","decl":{"start":{"line":117,"column":12},"end":{"line":117,"column":13}},"loc":{"start":{"line":117,"column":18},"end":{"line":125,"column":3}},"line":117},"9":{"name":"(anonymous_9)","decl":{"start":{"line":128,"column":12},"end":{"line":128,"column":13}},"loc":{"start":{"line":128,"column":18},"end":{"line":135,"column":3}},"line":128},"10":{"name":"(anonymous_10)","decl":{"start":{"line":130,"column":22},"end":{"line":130,"column":23}},"loc":{"start":{"line":130,"column":33},"end":{"line":133,"column":7}},"line":130},"11":{"name":"(anonymous_11)","decl":{"start":{"line":137,"column":12},"end":{"line":137,"column":13}},"loc":{"start":{"line":137,"column":18},"end":{"line":144,"column":3}},"line":137},"12":{"name":"(anonymous_12)","decl":{"start":{"line":139,"column":22},"end":{"line":139,"column":23}},"loc":{"start":{"line":139,"column":33},"end":{"line":142,"column":7}},"line":139},"13":{"name":"(anonymous_13)","decl":{"start":{"line":147,"column":12},"end":{"line":147,"column":13}},"loc":{"start":{"line":147,"column":18},"end":{"line":163,"column":3}},"line":147},"14":{"name":"(anonymous_14)","decl":{"start":{"line":174,"column":12},"end":{"line":174,"column":13}},"loc":{"start":{"line":174,"column":18},"end":{"line":178,"column":3}},"line":174},"15":{"name":"(anonymous_15)","decl":{"start":{"line":180,"column":12},"end":{"line":180,"column":13}},"loc":{"start":{"line":180,"column":18},"end":{"line":203,"column":3}},"line":180},"16":{"name":"(anonymous_16)","decl":{"start":{"line":187,"column":27},"end":{"line":187,"column":28}},"loc":{"start":{"line":187,"column":36},"end":{"line":189,"column":5}},"line":187},"17":{"name":"(anonymous_17)","decl":{"start":{"line":192,"column":28},"end":{"line":192,"column":29}},"loc":{"start":{"line":192,"column":40},"end":{"line":201,"column":5}},"line":192},"18":{"name":"getDayColor","decl":{"start":{"line":211,"column":11},"end":{"line":211,"column":22}},"loc":{"start":{"line":211,"column":46},"end":{"line":234,"column":3}},"line":211},"19":{"name":"handleDayClick","decl":{"start":{"line":240,"column":11},"end":{"line":240,"column":25}},"loc":{"start":{"line":240,"column":45},"end":{"line":245,"column":3}},"line":240},"20":{"name":"(anonymous_20)","decl":{"start":{"line":250,"column":24},"end":{"line":250,"column":25}},"loc":{"start":{"line":250,"column":30},"end":{"line":252,"column":3}},"line":250},"21":{"name":"(anonymous_21)","decl":{"start":{"line":253,"column":24},"end":{"line":253,"column":25}},"loc":{"start":{"line":253,"column":30},"end":{"line":255,"column":3}},"line":253},"22":{"name":"(anonymous_22)","decl":{"start":{"line":366,"column":29},"end":{"line":366,"column":30}},"loc":{"start":{"line":366,"column":46},"end":{"line":407,"column":11}},"line":366},"23":{"name":"(anonymous_23)","decl":{"start":{"line":388,"column":27},"end":{"line":388,"column":28}},"loc":{"start":{"line":388,"column":33},"end":{"line":388,"column":53}},"line":388}},"branchMap":{"0":{"loc":{"start":{"line":45,"column":4},"end":{"line":47,"column":5}},"type":"if","locations":[{"start":{"line":45,"column":4},"end":{"line":47,"column":5}},{"start":{},"end":{}}],"line":45},"1":{"loc":{"start":{"line":51,"column":4},"end":{"line":51,"column":23}},"type":"if","locations":[{"start":{"line":51,"column":4},"end":{"line":51,"column":23}},{"start":{},"end":{}}],"line":51},"2":{"loc":{"start":{"line":57,"column":8},"end":{"line":59,"column":9}},"type":"if","locations":[{"start":{"line":57,"column":8},"end":{"line":59,"column":9}},{"start":{},"end":{}}],"line":57},"3":{"loc":{"start":{"line":70,"column":4},"end":{"line":70,"column":36}},"type":"if","locations":[{"start":{"line":70,"column":4},"end":{"line":70,"column":36}},{"start":{},"end":{}}],"line":70},"4":{"loc":{"start":{"line":70,"column":8},"end":{"line":70,"column":27}},"type":"binary-expr","locations":[{"start":{"line":70,"column":8},"end":{"line":70,"column":17}},{"start":{"line":70,"column":21},"end":{"line":70,"column":27}}],"line":70},"5":{"loc":{"start":{"line":76,"column":8},"end":{"line":78,"column":9}},"type":"if","locations":[{"start":{"line":76,"column":8},"end":{"line":78,"column":9}},{"start":{},"end":{}}],"line":76},"6":{"loc":{"start":{"line":90,"column":4},"end":{"line":90,"column":34}},"type":"if","locations":[{"start":{"line":90,"column":4},"end":{"line":90,"column":34}},{"start":{},"end":{}}],"line":90},"7":{"loc":{"start":{"line":90,"column":8},"end":{"line":90,"column":25}},"type":"binary-expr","locations":[{"start":{"line":90,"column":8},"end":{"line":90,"column":15}},{"start":{"line":90,"column":19},"end":{"line":90,"column":25}}],"line":90},"8":{"loc":{"start":{"line":96,"column":8},"end":{"line":98,"column":9}},"type":"if","locations":[{"start":{"line":96,"column":8},"end":{"line":98,"column":9}},{"start":{},"end":{}}],"line":96},"9":{"loc":{"start":{"line":101,"column":8},"end":{"line":105,"column":9}},"type":"if","locations":[{"start":{"line":101,"column":8},"end":{"line":105,"column":9}},{"start":{},"end":{}}],"line":101},"10":{"loc":{"start":{"line":106,"column":8},"end":{"line":109,"column":9}},"type":"if","locations":[{"start":{"line":106,"column":8},"end":{"line":109,"column":9}},{"start":{},"end":{}}],"line":106},"11":{"loc":{"start":{"line":118,"column":4},"end":{"line":124,"column":5}},"type":"if","locations":[{"start":{"line":118,"column":4},"end":{"line":124,"column":5}},{"start":{},"end":{}}],"line":118},"12":{"loc":{"start":{"line":121,"column":23},"end":{"line":121,"column":106}},"type":"cond-expr","locations":[{"start":{"line":121,"column":52},"end":{"line":121,"column":98}},{"start":{"line":121,"column":101},"end":{"line":121,"column":106}}],"line":121},"13":{"loc":{"start":{"line":121,"column":23},"end":{"line":121,"column":49}},"type":"binary-expr","locations":[{"start":{"line":121,"column":23},"end":{"line":121,"column":31}},{"start":{"line":121,"column":35},"end":{"line":121,"column":49}}],"line":121},"14":{"loc":{"start":{"line":122,"column":6},"end":{"line":122,"column":42}},"type":"if","locations":[{"start":{"line":122,"column":6},"end":{"line":122,"column":42}},{"start":{},"end":{}}],"line":122},"15":{"loc":{"start":{"line":129,"column":4},"end":{"line":134,"column":5}},"type":"if","locations":[{"start":{"line":129,"column":4},"end":{"line":134,"column":5}},{"start":{},"end":{}}],"line":129},"16":{"loc":{"start":{"line":138,"column":4},"end":{"line":143,"column":5}},"type":"if","locations":[{"start":{"line":138,"column":4},"end":{"line":143,"column":5}},{"start":{},"end":{}}],"line":138},"17":{"loc":{"start":{"line":149,"column":4},"end":{"line":152,"column":5}},"type":"if","locations":[{"start":{"line":149,"column":4},"end":{"line":152,"column":5}},{"start":{},"end":{}}],"line":149},"18":{"loc":{"start":{"line":158,"column":6},"end":{"line":160,"column":7}},"type":"if","locations":[{"start":{"line":158,"column":6},"end":{"line":160,"column":7}},{"start":{},"end":{}}],"line":158},"19":{"loc":{"start":{"line":175,"column":4},"end":{"line":177,"column":5}},"type":"if","locations":[{"start":{"line":175,"column":4},"end":{"line":177,"column":5}},{"start":{},"end":{}}],"line":175},"20":{"loc":{"start":{"line":175,"column":8},"end":{"line":175,"column":23}},"type":"binary-expr","locations":[{"start":{"line":175,"column":8},"end":{"line":175,"column":14}},{"start":{"line":175,"column":18},"end":{"line":175,"column":23}}],"line":175},"21":{"loc":{"start":{"line":181,"column":4},"end":{"line":181,"column":24}},"type":"if","locations":[{"start":{"line":181,"column":4},"end":{"line":181,"column":24}},{"start":{},"end":{}}],"line":181},"22":{"loc":{"start":{"line":196,"column":8},"end":{"line":198,"column":9}},"type":"if","locations":[{"start":{"line":196,"column":8},"end":{"line":198,"column":9}},{"start":{},"end":{}}],"line":196},"23":{"loc":{"start":{"line":217,"column":4},"end":{"line":220,"column":5}},"type":"if","locations":[{"start":{"line":217,"column":4},"end":{"line":220,"column":5}},{"start":{},"end":{}}],"line":217},"24":{"loc":{"start":{"line":218,"column":6},"end":{"line":218,"column":51}},"type":"if","locations":[{"start":{"line":218,"column":6},"end":{"line":218,"column":51}},{"start":{},"end":{}}],"line":218},"25":{"loc":{"start":{"line":222,"column":4},"end":{"line":224,"column":5}},"type":"if","locations":[{"start":{"line":222,"column":4},"end":{"line":224,"column":5}},{"start":{},"end":{}}],"line":222},"26":{"loc":{"start":{"line":222,"column":8},"end":{"line":222,"column":56}},"type":"binary-expr","locations":[{"start":{"line":222,"column":8},"end":{"line":222,"column":29}},{"start":{"line":222,"column":33},"end":{"line":222,"column":56}}],"line":222},"27":{"loc":{"start":{"line":225,"column":4},"end":{"line":227,"column":5}},"type":"if","locations":[{"start":{"line":225,"column":4},"end":{"line":227,"column":5}},{"start":{},"end":{}}],"line":225},"28":{"loc":{"start":{"line":228,"column":4},"end":{"line":231,"column":5}},"type":"if","locations":[{"start":{"line":228,"column":4},"end":{"line":231,"column":5}},{"start":{},"end":{}}],"line":228},"29":{"loc":{"start":{"line":367,"column":12},"end":{"line":406,"column":13}},"type":"if","locations":[{"start":{"line":367,"column":12},"end":{"line":406,"column":13}},{"start":{"line":379,"column":19},"end":{"line":406,"column":13}}],"line":367}},"s":{"0":14,"1":14,"2":14,"3":14,"4":14,"5":14,"6":14,"7":14,"8":14,"9":14,"10":14,"11":14,"12":14,"13":14,"14":14,"15":14,"16":14,"17":14,"18":42,"19":14,"20":14,"21":428,"22":14,"23":5,"24":5,"25":5,"26":14,"27":10,"28":5,"29":5,"30":5,"31":5,"32":5,"33":0,"34":2,"35":0,"36":5,"37":5,"38":14,"39":10,"40":10,"41":0,"42":0,"43":0,"44":0,"45":0,"46":0,"47":0,"48":0,"49":0,"50":0,"51":14,"52":10,"53":10,"54":0,"55":0,"56":0,"57":0,"58":0,"59":0,"60":0,"61":0,"62":0,"63":0,"64":0,"65":0,"66":0,"67":0,"68":0,"69":0,"70":14,"71":5,"72":0,"73":0,"74":0,"75":0,"76":0,"77":0,"78":14,"79":5,"80":0,"81":0,"82":14,"83":5,"84":0,"85":0,"86":14,"87":7,"88":7,"89":7,"90":7,"91":0,"92":0,"93":0,"94":0,"95":0,"96":0,"97":0,"98":0,"99":0,"100":14,"101":14,"102":14,"103":14,"104":10,"105":0,"106":14,"107":7,"108":7,"109":0,"110":0,"111":0,"112":0,"113":0,"114":0,"115":0,"116":0,"117":0,"118":0,"119":0,"120":0,"121":14,"122":14,"123":428,"124":428,"125":428,"126":10,"127":0,"128":10,"129":418,"130":0,"131":418,"132":0,"133":418,"134":0,"135":418,"136":1,"137":1,"138":1,"139":1,"140":14,"141":1,"142":14,"143":1,"144":14,"145":470,"146":42,"147":428,"148":428,"149":428,"150":428,"151":428,"152":1},"f":{"0":14,"1":5,"2":10,"3":5,"4":10,"5":0,"6":10,"7":0,"8":5,"9":5,"10":0,"11":5,"12":0,"13":7,"14":10,"15":7,"16":0,"17":0,"18":428,"19":1,"20":1,"21":1,"22":470,"23":1},"b":{"0":[5,0],"1":[5,5],"2":[0,2],"3":[10,0],"4":[10,0],"5":[0,0],"6":[10,0],"7":[10,0],"8":[0,0],"9":[0,0],"10":[0,0],"11":[0,5],"12":[0,0],"13":[0,0],"14":[0,0],"15":[0,5],"16":[0,5],"17":[7,0],"18":[0,0],"19":[0,10],"20":[10,0],"21":[7,0],"22":[0,0],"23":[10,418],"24":[0,10],"25":[0,418],"26":[418,418],"27":[0,418],"28":[0,418],"29":[42,428]},"_coverageSchema":"1a1c01bbd47fc00a2c39e90264f33305004495a9","hash":"d50389997627185f26516c81dba9131d484c77e4"}
,"C:\\Users\\htham\\Documents\\Revature\\InfoSysTraining\\project_2_trackr\\frontend\\revproj2\\src\\Calendar\\CreateEventPage.tsx": {"path":"C:\\Users\\htham\\Documents\\Revature\\InfoSysTraining\\project_2_trackr\\frontend\\revproj2\\src\\Calendar\\CreateEventPage.tsx","statementMap":{"0":{"start":{"line":7,"column":20},"end":{"line":7,"column":31}},"1":{"start":{"line":8,"column":19},"end":{"line":8,"column":32}},"2":{"start":{"line":9,"column":49},"end":{"line":9,"column":60}},"3":{"start":{"line":10,"column":23},"end":{"line":10,"column":34}},"4":{"start":{"line":12,"column":48},"end":{"line":12,"column":77}},"5":{"start":{"line":13,"column":28},"end":{"line":13,"column":40}},"6":{"start":{"line":14,"column":40},"end":{"line":14,"column":52}},"7":{"start":{"line":16,"column":23},"end":{"line":39,"column":3}},"8":{"start":{"line":17,"column":4},"end":{"line":17,"column":23}},"9":{"start":{"line":19,"column":4},"end":{"line":22,"column":5}},"10":{"start":{"line":20,"column":6},"end":{"line":20,"column":73}},"11":{"start":{"line":21,"column":6},"end":{"line":21,"column":13}},"12":{"start":{"line":24,"column":4},"end":{"line":38,"column":5}},"13":{"start":{"line":25,"column":6},"end":{"line":33,"column":7}},"14":{"start":{"line":27,"column":8},"end":{"line":27,"column":50}},"15":{"start":{"line":28,"column":8},"end":{"line":28,"column":54}},"16":{"start":{"line":31,"column":8},"end":{"line":31,"column":75}},"17":{"start":{"line":32,"column":8},"end":{"line":32,"column":51}},"18":{"start":{"line":34,"column":6},"end":{"line":34,"column":32}},"19":{"start":{"line":36,"column":6},"end":{"line":36,"column":50}},"20":{"start":{"line":37,"column":6},"end":{"line":37,"column":57}},"21":{"start":{"line":41,"column":2},"end":{"line":157,"column":4}},"22":{"start":{"line":77,"column":16},"end":{"line":79,"column":17}},"23":{"start":{"line":85,"column":30},"end":{"line":85,"column":66}},"24":{"start":{"line":85,"column":49},"end":{"line":85,"column":65}},"25":{"start":{"line":86,"column":16},"end":{"line":90,"column":25}},"26":{"start":{"line":105,"column":31},"end":{"line":105,"column":55}},"27":{"start":{"line":120,"column":31},"end":{"line":120,"column":61}},"28":{"start":{"line":141,"column":25},"end":{"line":141,"column":50}}},"fnMap":{"0":{"name":"CreateEventPage","decl":{"start":{"line":6,"column":9},"end":{"line":6,"column":24}},"loc":{"start":{"line":6,"column":27},"end":{"line":158,"column":1}},"line":6},"1":{"name":"(anonymous_1)","decl":{"start":{"line":16,"column":23},"end":{"line":16,"column":24}},"loc":{"start":{"line":16,"column":53},"end":{"line":39,"column":3}},"line":16},"2":{"name":"(anonymous_2)","decl":{"start":{"line":76,"column":24},"end":{"line":76,"column":25}},"loc":{"start":{"line":77,"column":16},"end":{"line":79,"column":17}},"line":77},"3":{"name":"(anonymous_3)","decl":{"start":{"line":84,"column":28},"end":{"line":84,"column":29}},"loc":{"start":{"line":84,"column":41},"end":{"line":91,"column":15}},"line":84},"4":{"name":"(anonymous_4)","decl":{"start":{"line":85,"column":42},"end":{"line":85,"column":43}},"loc":{"start":{"line":85,"column":49},"end":{"line":85,"column":65}},"line":85},"5":{"name":"(anonymous_5)","decl":{"start":{"line":105,"column":24},"end":{"line":105,"column":25}},"loc":{"start":{"line":105,"column":31},"end":{"line":105,"column":55}},"line":105},"6":{"name":"(anonymous_6)","decl":{"start":{"line":120,"column":24},"end":{"line":120,"column":25}},"loc":{"start":{"line":120,"column":31},"end":{"line":120,"column":61}},"line":120},"7":{"name":"(anonymous_7)","decl":{"start":{"line":141,"column":19},"end":{"line":141,"column":20}},"loc":{"start":{"line":141,"column":25},"end":{"line":141,"column":50}},"line":141}},"branchMap":{"0":{"loc":{"start":{"line":19,"column":4},"end":{"line":22,"column":5}},"type":"if","locations":[{"start":{"line":19,"column":4},"end":{"line":22,"column":5}},{"start":{},"end":{}}],"line":19},"1":{"loc":{"start":{"line":19,"column":8},"end":{"line":19,"column":82}},"type":"binary-expr","locations":[{"start":{"line":19,"column":8},"end":{"line":19,"column":14}},{"start":{"line":19,"column":18},"end":{"line":19,"column":31}},{"start":{"line":19,"column":35},"end":{"line":19,"column":54}},{"start":{"line":19,"column":58},"end":{"line":19,"column":82}}],"line":19},"2":{"loc":{"start":{"line":25,"column":6},"end":{"line":33,"column":7}},"type":"if","locations":[{"start":{"line":25,"column":6},"end":{"line":33,"column":7}},{"start":{"line":29,"column":13},"end":{"line":33,"column":7}}],"line":25},"3":{"loc":{"start":{"line":78,"column":18},"end":{"line":78,"column":77}},"type":"cond-expr","locations":[{"start":{"line":78,"column":50},"end":{"line":78,"column":52}},{"start":{"line":78,"column":55},"end":{"line":78,"column":77}}],"line":78},"4":{"loc":{"start":{"line":86,"column":23},"end":{"line":90,"column":24}},"type":"cond-expr","locations":[{"start":{"line":87,"column":18},"end":{"line":89,"column":27}},{"start":{"line":90,"column":20},"end":{"line":90,"column":24}}],"line":86}},"s":{"0":10,"1":10,"2":10,"3":10,"4":10,"5":10,"6":10,"7":10,"8":2,"9":2,"10":0,"11":0,"12":2,"13":2,"14":1,"15":1,"16":1,"17":1,"18":2,"19":0,"20":0,"21":10,"22":2,"23":20,"24":30,"25":20,"26":2,"27":2,"28":1},"f":{"0":10,"1":2,"2":2,"3":20,"4":30,"5":2,"6":2,"7":1},"b":{"0":[0,2],"1":[2,2,2,2],"2":[1,1],"3":[1,1],"4":[20,0]},"_coverageSchema":"1a1c01bbd47fc00a2c39e90264f33305004495a9","hash":"d6d3396c5d57b87fc3fee56a1ff7c52a86a96b30"}
,"C:\\Users\\htham\\Documents\\Revature\\InfoSysTraining\\project_2_trackr\\frontend\\revproj2\\src\\Calendar\\DayView.tsx": {"path":"C:\\Users\\htham\\Documents\\Revature\\InfoSysTraining\\project_2_trackr\\frontend\\revproj2\\src\\Calendar\\DayView.tsx","statementMap":{"0":{"start":{"line":8,"column":19},"end":{"line":8,"column":32}},"1":{"start":{"line":9,"column":20},"end":{"line":9,"column":31}},"2":{"start":{"line":12,"column":37},"end":{"line":12,"column":48}},"3":{"start":{"line":13,"column":28},"end":{"line":13,"column":40}},"4":{"start":{"line":14,"column":40},"end":{"line":14,"column":52}},"5":{"start":{"line":15,"column":48},"end":{"line":15,"column":77}},"6":{"start":{"line":17,"column":67},"end":{"line":17,"column":78}},"7":{"start":{"line":21,"column":36},"end":{"line":21,"column":143}},"8":{"start":{"line":23,"column":2},"end":{"line":50,"column":58}},"9":{"start":{"line":24,"column":4},"end":{"line":24,"column":23}},"10":{"start":{"line":24,"column":16},"end":{"line":24,"column":23}},"11":{"start":{"line":27,"column":29},"end":{"line":29,"column":78}},"12":{"start":{"line":28,"column":25},"end":{"line":28,"column":42}},"13":{"start":{"line":29,"column":23},"end":{"line":29,"column":76}},"14":{"start":{"line":31,"column":114},"end":{"line":31,"column":116}},"15":{"start":{"line":32,"column":6},"end":{"line":45,"column":7}},"16":{"start":{"line":33,"column":38},"end":{"line":33,"column":65}},"17":{"start":{"line":34,"column":22},"end":{"line":34,"column":54}},"18":{"start":{"line":34,"column":41},"end":{"line":34,"column":53}},"19":{"start":{"line":35,"column":26},"end":{"line":43,"column":13}},"20":{"start":{"line":36,"column":26},"end":{"line":36,"column":42}},"21":{"start":{"line":37,"column":24},"end":{"line":43,"column":11}},"22":{"start":{"line":44,"column":8},"end":{"line":44,"column":42}},"23":{"start":{"line":47,"column":6},"end":{"line":47,"column":51}},"24":{"start":{"line":49,"column":4},"end":{"line":49,"column":23}},"25":{"start":{"line":53,"column":40},"end":{"line":53,"column":55}},"26":{"start":{"line":55,"column":2},"end":{"line":73,"column":14}},"27":{"start":{"line":56,"column":4},"end":{"line":56,"column":23}},"28":{"start":{"line":56,"column":16},"end":{"line":56,"column":23}},"29":{"start":{"line":58,"column":18},"end":{"line":58,"column":34}},"30":{"start":{"line":59,"column":4},"end":{"line":72,"column":5}},"31":{"start":{"line":60,"column":16},"end":{"line":60,"column":32}},"32":{"start":{"line":61,"column":16},"end":{"line":61,"column":36}},"33":{"start":{"line":62,"column":16},"end":{"line":62,"column":32}},"34":{"start":{"line":63,"column":22},"end":{"line":63,"column":48}},"35":{"start":{"line":64,"column":18},"end":{"line":64,"column":28}},"36":{"start":{"line":65,"column":6},"end":{"line":65,"column":28}},"37":{"start":{"line":67,"column":6},"end":{"line":71,"column":7}},"38":{"start":{"line":68,"column":8},"end":{"line":68,"column":29}},"39":{"start":{"line":70,"column":8},"end":{"line":70,"column":30}},"40":{"start":{"line":78,"column":4},"end":{"line":80,"column":5}},"41":{"start":{"line":79,"column":6},"end":{"line":79,"column":34}},"42":{"start":{"line":83,"column":4},"end":{"line":85,"column":5}},"43":{"start":{"line":84,"column":6},"end":{"line":84,"column":37}},"44":{"start":{"line":89,"column":4},"end":{"line":89,"column":26}},"45":{"start":{"line":92,"column":2},"end":{"line":205,"column":4}},"46":{"start":{"line":118,"column":8},"end":{"line":133,"column":14}},"47":{"start":{"line":155,"column":23},"end":{"line":155,"column":56}}},"fnMap":{"0":{"name":"DayView","decl":{"start":{"line":7,"column":9},"end":{"line":7,"column":16}},"loc":{"start":{"line":7,"column":19},"end":{"line":206,"column":1}},"line":7},"1":{"name":"(anonymous_1)","decl":{"start":{"line":23,"column":12},"end":{"line":23,"column":13}},"loc":{"start":{"line":23,"column":18},"end":{"line":50,"column":3}},"line":23},"2":{"name":"loadEventsForDay","decl":{"start":{"line":26,"column":19},"end":{"line":26,"column":35}},"loc":{"start":{"line":26,"column":38},"end":{"line":48,"column":5}},"line":26},"3":{"name":"(anonymous_3)","decl":{"start":{"line":28,"column":16},"end":{"line":28,"column":17}},"loc":{"start":{"line":28,"column":25},"end":{"line":28,"column":42}},"line":28},"4":{"name":"(anonymous_4)","decl":{"start":{"line":29,"column":13},"end":{"line":29,"column":14}},"loc":{"start":{"line":29,"column":23},"end":{"line":29,"column":76}},"line":29},"5":{"name":"(anonymous_5)","decl":{"start":{"line":34,"column":34},"end":{"line":34,"column":35}},"loc":{"start":{"line":34,"column":41},"end":{"line":34,"column":53}},"line":34},"6":{"name":"(anonymous_6)","decl":{"start":{"line":36,"column":18},"end":{"line":36,"column":19}},"loc":{"start":{"line":36,"column":26},"end":{"line":36,"column":42}},"line":36},"7":{"name":"(anonymous_7)","decl":{"start":{"line":37,"column":15},"end":{"line":37,"column":16}},"loc":{"start":{"line":37,"column":24},"end":{"line":43,"column":11}},"line":37},"8":{"name":"(anonymous_8)","decl":{"start":{"line":55,"column":12},"end":{"line":55,"column":13}},"loc":{"start":{"line":55,"column":18},"end":{"line":73,"column":3}},"line":55},"9":{"name":"goToInput","decl":{"start":{"line":76,"column":11},"end":{"line":76,"column":20}},"loc":{"start":{"line":76,"column":23},"end":{"line":81,"column":3}},"line":76},"10":{"name":"goToProgress","decl":{"start":{"line":82,"column":11},"end":{"line":82,"column":23}},"loc":{"start":{"line":82,"column":26},"end":{"line":86,"column":3}},"line":82},"11":{"name":"goBackToCalendar","decl":{"start":{"line":88,"column":11},"end":{"line":88,"column":27}},"loc":{"start":{"line":88,"column":30},"end":{"line":90,"column":3}},"line":88},"12":{"name":"(anonymous_12)","decl":{"start":{"line":117,"column":21},"end":{"line":117,"column":22}},"loc":{"start":{"line":118,"column":8},"end":{"line":133,"column":14}},"line":118},"13":{"name":"(anonymous_13)","decl":{"start":{"line":155,"column":17},"end":{"line":155,"column":18}},"loc":{"start":{"line":155,"column":23},"end":{"line":155,"column":56}},"line":155}},"branchMap":{"0":{"loc":{"start":{"line":24,"column":4},"end":{"line":24,"column":23}},"type":"if","locations":[{"start":{"line":24,"column":4},"end":{"line":24,"column":23}},{"start":{},"end":{}}],"line":24},"1":{"loc":{"start":{"line":42,"column":23},"end":{"line":42,"column":59}},"type":"cond-expr","locations":[{"start":{"line":42,"column":31},"end":{"line":42,"column":41}},{"start":{"line":42,"column":44},"end":{"line":42,"column":59}}],"line":42},"2":{"loc":{"start":{"line":56,"column":4},"end":{"line":56,"column":23}},"type":"if","locations":[{"start":{"line":56,"column":4},"end":{"line":56,"column":23}},{"start":{},"end":{}}],"line":56},"3":{"loc":{"start":{"line":59,"column":4},"end":{"line":72,"column":5}},"type":"if","locations":[{"start":{"line":59,"column":4},"end":{"line":72,"column":5}},{"start":{},"end":{}}],"line":59},"4":{"loc":{"start":{"line":67,"column":6},"end":{"line":71,"column":7}},"type":"if","locations":[{"start":{"line":67,"column":6},"end":{"line":71,"column":7}},{"start":{"line":69,"column":13},"end":{"line":71,"column":7}}],"line":67},"5":{"loc":{"start":{"line":78,"column":4},"end":{"line":80,"column":5}},"type":"if","locations":[{"start":{"line":78,"column":4},"end":{"line":80,"column":5}},{"start":{},"end":{}}],"line":78},"6":{"loc":{"start":{"line":83,"column":4},"end":{"line":85,"column":5}},"type":"if","locations":[{"start":{"line":83,"column":4},"end":{"line":85,"column":5}},{"start":{},"end":{}}],"line":83},"7":{"loc":{"start":{"line":170,"column":9},"end":{"line":201,"column":9}},"type":"cond-expr","locations":[{"start":{"line":171,"column":10},"end":{"line":184,"column":19}},{"start":{"line":187,"column":10},"end":{"line":200,"column":19}}],"line":170}},"s":{"0":11,"1":11,"2":11,"3":11,"4":11,"5":11,"6":11,"7":11,"8":11,"9":5,"10":0,"11":5,"12":1,"13":1,"14":5,"15":5,"16":1,"17":1,"18":1,"19":1,"20":1,"21":1,"22":1,"23":5,"24":5,"25":11,"26":11,"27":5,"28":0,"29":5,"30":5,"31":5,"32":5,"33":5,"34":5,"35":5,"36":5,"37":5,"38":5,"39":0,"40":0,"41":0,"42":0,"43":0,"44":1,"45":11,"46":2,"47":1},"f":{"0":11,"1":5,"2":5,"3":1,"4":1,"5":1,"6":1,"7":1,"8":5,"9":0,"10":0,"11":1,"12":2,"13":1},"b":{"0":[0,5],"1":[1,0],"2":[0,5],"3":[5,0],"4":[5,0],"5":[0,0],"6":[0,0],"7":[6,5]},"_coverageSchema":"1a1c01bbd47fc00a2c39e90264f33305004495a9","hash":"3bb379d09fdf2e66eb81a8c904986ee1032c9290"}
,"C:\\Users\\htham\\Documents\\Revature\\InfoSysTraining\\project_2_trackr\\frontend\\revproj2\\src\\Calendar\\GroupPage.tsx": {"path":"C:\\Users\\htham\\Documents\\Revature\\InfoSysTraining\\project_2_trackr\\frontend\\revproj2\\src\\Calendar\\GroupPage.tsx","statementMap":{"0":{"start":{"line":6,"column":19},"end":{"line":6,"column":32}},"1":{"start":{"line":7,"column":80},"end":{"line":7,"column":91}},"2":{"start":{"line":10,"column":42},"end":{"line":10,"column":54}},"3":{"start":{"line":11,"column":38},"end":{"line":11,"column":50}},"4":{"start":{"line":15,"column":25},"end":{"line":17,"column":3}},"5":{"start":{"line":16,"column":4},"end":{"line":16,"column":59}},"6":{"start":{"line":20,"column":4},"end":{"line":20,"column":23}},"7":{"start":{"line":21,"column":4},"end":{"line":21,"column":37}},"8":{"start":{"line":21,"column":30},"end":{"line":21,"column":37}},"9":{"start":{"line":22,"column":4},"end":{"line":22,"column":43}},"10":{"start":{"line":23,"column":4},"end":{"line":23,"column":24}},"11":{"start":{"line":28,"column":4},"end":{"line":28,"column":35}},"12":{"start":{"line":31,"column":2},"end":{"line":84,"column":4}},"13":{"start":{"line":40,"column":29},"end":{"line":40,"column":60}},"14":{"start":{"line":53,"column":29},"end":{"line":53,"column":58}},"15":{"start":{"line":63,"column":10},"end":{"line":80,"column":16}},"16":{"start":{"line":71,"column":39},"end":{"line":71,"column":55}},"17":{"start":{"line":75,"column":39},"end":{"line":75,"column":54}}},"fnMap":{"0":{"name":"GroupPage","decl":{"start":{"line":5,"column":9},"end":{"line":5,"column":18}},"loc":{"start":{"line":5,"column":21},"end":{"line":85,"column":1}},"line":5},"1":{"name":"(anonymous_1)","decl":{"start":{"line":15,"column":39},"end":{"line":15,"column":40}},"loc":{"start":{"line":16,"column":4},"end":{"line":16,"column":59}},"line":16},"2":{"name":"handleCreateGroup","decl":{"start":{"line":19,"column":17},"end":{"line":19,"column":34}},"loc":{"start":{"line":19,"column":55},"end":{"line":24,"column":3}},"line":19},"3":{"name":"isUserInGroup","decl":{"start":{"line":27,"column":11},"end":{"line":27,"column":24}},"loc":{"start":{"line":27,"column":35},"end":{"line":29,"column":3}},"line":27},"4":{"name":"(anonymous_4)","decl":{"start":{"line":40,"column":22},"end":{"line":40,"column":23}},"loc":{"start":{"line":40,"column":29},"end":{"line":40,"column":60}},"line":40},"5":{"name":"(anonymous_5)","decl":{"start":{"line":53,"column":22},"end":{"line":53,"column":23}},"loc":{"start":{"line":53,"column":29},"end":{"line":53,"column":58}},"line":53},"6":{"name":"(anonymous_6)","decl":{"start":{"line":62,"column":27},"end":{"line":62,"column":28}},"loc":{"start":{"line":63,"column":10},"end":{"line":80,"column":16}},"line":63},"7":{"name":"(anonymous_7)","decl":{"start":{"line":71,"column":33},"end":{"line":71,"column":34}},"loc":{"start":{"line":71,"column":39},"end":{"line":71,"column":55}},"line":71},"8":{"name":"(anonymous_8)","decl":{"start":{"line":75,"column":33},"end":{"line":75,"column":34}},"loc":{"start":{"line":75,"column":39},"end":{"line":75,"column":54}},"line":75}},"branchMap":{"0":{"loc":{"start":{"line":21,"column":4},"end":{"line":21,"column":37}},"type":"if","locations":[{"start":{"line":21,"column":4},"end":{"line":21,"column":37}},{"start":{},"end":{}}],"line":21},"1":{"loc":{"start":{"line":59,"column":7},"end":{"line":82,"column":7}},"type":"cond-expr","locations":[{"start":{"line":60,"column":8},"end":{"line":60,"column":31}},{"start":{"line":62,"column":8},"end":{"line":81,"column":10}}],"line":59},"2":{"loc":{"start":{"line":70,"column":15},"end":{"line":78,"column":15}},"type":"cond-expr","locations":[{"start":{"line":71,"column":16},"end":{"line":73,"column":25}},{"start":{"line":75,"column":16},"end":{"line":77,"column":25}}],"line":70}},"s":{"0":7,"1":7,"2":7,"3":7,"4":7,"5":14,"6":1,"7":1,"8":0,"9":1,"10":1,"11":13,"12":7,"13":1,"14":1,"15":13,"16":1,"17":1},"f":{"0":7,"1":14,"2":1,"3":13,"4":1,"5":1,"6":13,"7":1,"8":1},"b":{"0":[0,1],"1":[0,7],"2":[7,6]},"_coverageSchema":"1a1c01bbd47fc00a2c39e90264f33305004495a9","hash":"1f28814a3571858afef3ad7fdd50665efd27f07a"}
,"C:\\Users\\htham\\Documents\\Revature\\InfoSysTraining\\project_2_trackr\\frontend\\revproj2\\src\\Components\\EventsContext\\EventsContext.tsx": {"path":"C:\\Users\\htham\\Documents\\Revature\\InfoSysTraining\\project_2_trackr\\frontend\\revproj2\\src\\Components\\EventsContext\\EventsContext.tsx","statementMap":{"0":{"start":{"line":17,"column":29},"end":{"line":19,"column":1}},"1":{"start":{"line":22,"column":30},"end":{"line":22,"column":55}},"2":{"start":{"line":23,"column":38},"end":{"line":23,"column":53}},"3":{"start":{"line":27,"column":4},"end":{"line":66,"column":5}},"4":{"start":{"line":28,"column":20},"end":{"line":30,"column":14}},"5":{"start":{"line":31,"column":21},"end":{"line":33,"column":14}},"6":{"start":{"line":35,"column":6},"end":{"line":38,"column":7}},"7":{"start":{"line":36,"column":8},"end":{"line":36,"column":73}},"8":{"start":{"line":37,"column":8},"end":{"line":37,"column":15}},"9":{"start":{"line":40,"column":6},"end":{"line":40,"column":59}},"10":{"start":{"line":42,"column":24},"end":{"line":48,"column":8}},"11":{"start":{"line":50,"column":6},"end":{"line":52,"column":7}},"12":{"start":{"line":51,"column":8},"end":{"line":51,"column":80}},"13":{"start":{"line":54,"column":29},"end":{"line":54,"column":45}},"14":{"start":{"line":55,"column":6},"end":{"line":55,"column":62}},"15":{"start":{"line":58,"column":6},"end":{"line":63,"column":9}},"16":{"start":{"line":59,"column":8},"end":{"line":61,"column":9}},"17":{"start":{"line":60,"column":10},"end":{"line":60,"column":32}},"18":{"start":{"line":62,"column":8},"end":{"line":62,"column":26}},"19":{"start":{"line":65,"column":6},"end":{"line":65,"column":60}},"20":{"start":{"line":71,"column":4},"end":{"line":112,"column":5}},"21":{"start":{"line":72,"column":20},"end":{"line":74,"column":14}},"22":{"start":{"line":75,"column":21},"end":{"line":77,"column":14}},"23":{"start":{"line":79,"column":6},"end":{"line":82,"column":7}},"24":{"start":{"line":80,"column":8},"end":{"line":80,"column":71}},"25":{"start":{"line":81,"column":8},"end":{"line":81,"column":15}},"26":{"start":{"line":84,"column":22},"end":{"line":89,"column":5}},"27":{"start":{"line":92,"column":6},"end":{"line":92,"column":50}},"28":{"start":{"line":94,"column":18},"end":{"line":101,"column":8}},"29":{"start":{"line":103,"column":6},"end":{"line":105,"column":7}},"30":{"start":{"line":104,"column":8},"end":{"line":104,"column":71}},"31":{"start":{"line":107,"column":23},"end":{"line":107,"column":39}},"32":{"start":{"line":108,"column":6},"end":{"line":108,"column":55}},"33":{"start":{"line":109,"column":6},"end":{"line":109,"column":47}},"34":{"start":{"line":109,"column":26},"end":{"line":109,"column":45}},"35":{"start":{"line":111,"column":6},"end":{"line":111,"column":59}},"36":{"start":{"line":119,"column":4},"end":{"line":119,"column":55}},"37":{"start":{"line":119,"column":36},"end":{"line":119,"column":53}},"38":{"start":{"line":130,"column":2},"end":{"line":136,"column":4}},"39":{"start":{"line":140,"column":18},"end":{"line":140,"column":43}},"40":{"start":{"line":141,"column":2},"end":{"line":143,"column":3}},"41":{"start":{"line":142,"column":4},"end":{"line":142,"column":71}},"42":{"start":{"line":144,"column":2},"end":{"line":144,"column":17}}},"fnMap":{"0":{"name":"EventsProvider","decl":{"start":{"line":21,"column":16},"end":{"line":21,"column":30}},"loc":{"start":{"line":21,"column":76},"end":{"line":137,"column":1}},"line":21},"1":{"name":"fetchPersonalEvents","decl":{"start":{"line":26,"column":17},"end":{"line":26,"column":36}},"loc":{"start":{"line":26,"column":39},"end":{"line":67,"column":3}},"line":26},"2":{"name":"(anonymous_2)","decl":{"start":{"line":58,"column":16},"end":{"line":58,"column":17}},"loc":{"start":{"line":58,"column":32},"end":{"line":63,"column":7}},"line":58},"3":{"name":"addEvent","decl":{"start":{"line":70,"column":17},"end":{"line":70,"column":25}},"loc":{"start":{"line":70,"column":75},"end":{"line":113,"column":3}},"line":70},"4":{"name":"(anonymous_4)","decl":{"start":{"line":109,"column":16},"end":{"line":109,"column":17}},"loc":{"start":{"line":109,"column":26},"end":{"line":109,"column":45}},"line":109},"5":{"name":"getEventsForDay","decl":{"start":{"line":118,"column":11},"end":{"line":118,"column":26}},"loc":{"start":{"line":118,"column":40},"end":{"line":120,"column":3}},"line":118},"6":{"name":"(anonymous_6)","decl":{"start":{"line":119,"column":25},"end":{"line":119,"column":26}},"loc":{"start":{"line":119,"column":36},"end":{"line":119,"column":53}},"line":119},"7":{"name":"useEvents","decl":{"start":{"line":139,"column":16},"end":{"line":139,"column":25}},"loc":{"start":{"line":139,"column":28},"end":{"line":145,"column":1}},"line":139}},"branchMap":{"0":{"loc":{"start":{"line":28,"column":20},"end":{"line":30,"column":14}},"type":"cond-expr","locations":[{"start":{"line":29,"column":10},"end":{"line":29,"column":52}},{"start":{"line":30,"column":10},"end":{"line":30,"column":14}}],"line":28},"1":{"loc":{"start":{"line":31,"column":21},"end":{"line":33,"column":14}},"type":"cond-expr","locations":[{"start":{"line":32,"column":10},"end":{"line":32,"column":49}},{"start":{"line":33,"column":10},"end":{"line":33,"column":14}}],"line":31},"2":{"loc":{"start":{"line":35,"column":6},"end":{"line":38,"column":7}},"type":"if","locations":[{"start":{"line":35,"column":6},"end":{"line":38,"column":7}},{"start":{},"end":{}}],"line":35},"3":{"loc":{"start":{"line":35,"column":10},"end":{"line":35,"column":27}},"type":"binary-expr","locations":[{"start":{"line":35,"column":10},"end":{"line":35,"column":16}},{"start":{"line":35,"column":20},"end":{"line":35,"column":27}}],"line":35},"4":{"loc":{"start":{"line":50,"column":6},"end":{"line":52,"column":7}},"type":"if","locations":[{"start":{"line":50,"column":6},"end":{"line":52,"column":7}},{"start":{},"end":{}}],"line":50},"5":{"loc":{"start":{"line":59,"column":8},"end":{"line":61,"column":9}},"type":"if","locations":[{"start":{"line":59,"column":8},"end":{"line":61,"column":9}},{"start":{},"end":{}}],"line":59},"6":{"loc":{"start":{"line":72,"column":20},"end":{"line":74,"column":14}},"type":"cond-expr","locations":[{"start":{"line":73,"column":10},"end":{"line":73,"column":52}},{"start":{"line":74,"column":10},"end":{"line":74,"column":14}}],"line":72},"7":{"loc":{"start":{"line":75,"column":21},"end":{"line":77,"column":14}},"type":"cond-expr","locations":[{"start":{"line":76,"column":10},"end":{"line":76,"column":49}},{"start":{"line":77,"column":10},"end":{"line":77,"column":14}}],"line":75},"8":{"loc":{"start":{"line":79,"column":6},"end":{"line":82,"column":7}},"type":"if","locations":[{"start":{"line":79,"column":6},"end":{"line":82,"column":7}},{"start":{},"end":{}}],"line":79},"9":{"loc":{"start":{"line":79,"column":10},"end":{"line":79,"column":27}},"type":"binary-expr","locations":[{"start":{"line":79,"column":10},"end":{"line":79,"column":16}},{"start":{"line":79,"column":20},"end":{"line":79,"column":27}}],"line":79},"10":{"loc":{"start":{"line":103,"column":6},"end":{"line":105,"column":7}},"type":"if","locations":[{"start":{"line":103,"column":6},"end":{"line":105,"column":7}},{"start":{},"end":{}}],"line":103},"11":{"loc":{"start":{"line":141,"column":2},"end":{"line":143,"column":3}},"type":"if","locations":[{"start":{"line":141,"column":2},"end":{"line":143,"column":3}},{"start":{},"end":{}}],"line":141}},"s":{"0":3,"1":9,"2":9,"3":1,"4":1,"5":1,"6":1,"7":1,"8":1,"9":0,"10":0,"11":0,"12":0,"13":0,"14":0,"15":0,"16":0,"17":0,"18":0,"19":0,"20":2,"21":2,"22":2,"23":2,"24":2,"25":2,"26":0,"27":0,"28":0,"29":0,"30":0,"31":0,"32":0,"33":0,"34":0,"35":0,"36":4,"37":0,"38":9,"39":18,"40":18,"41":0,"42":18},"f":{"0":9,"1":1,"2":0,"3":2,"4":0,"5":4,"6":0,"7":18},"b":{"0":[0,1],"1":[0,1],"2":[1,0],"3":[1,0],"4":[0,0],"5":[0,0],"6":[0,2],"7":[0,2],"8":[2,0],"9":[2,0],"10":[0,0],"11":[0,18]},"_coverageSchema":"1a1c01bbd47fc00a2c39e90264f33305004495a9","hash":"2e587952b5bba28ce1b7317ec281d9dec26ba4cf"}
,"C:\\Users\\htham\\Documents\\Revature\\InfoSysTraining\\project_2_trackr\\frontend\\revproj2\\src\\Components\\GroupContext\\GroupContext.tsx": {"path":"C:\\Users\\htham\\Documents\\Revature\\InfoSysTraining\\project_2_trackr\\frontend\\revproj2\\src\\Components\\GroupContext\\GroupContext.tsx","statementMap":{"0":{"start":{"line":49,"column":21},"end":{"line":49,"column":75}},"1":{"start":{"line":52,"column":30},"end":{"line":52,"column":51}},"2":{"start":{"line":53,"column":34},"end":{"line":53,"column":56}},"3":{"start":{"line":58,"column":17},"end":{"line":58,"column":60}},"4":{"start":{"line":59,"column":19},"end":{"line":59,"column":32}},"5":{"start":{"line":66,"column":4},"end":{"line":89,"column":5}},"6":{"start":{"line":67,"column":20},"end":{"line":67,"column":108}},"7":{"start":{"line":68,"column":17},"end":{"line":68,"column":99}},"8":{"start":{"line":70,"column":18},"end":{"line":75,"column":8}},"9":{"start":{"line":76,"column":6},"end":{"line":78,"column":7}},"10":{"start":{"line":77,"column":8},"end":{"line":77,"column":61}},"11":{"start":{"line":79,"column":25},"end":{"line":79,"column":41}},"12":{"start":{"line":81,"column":6},"end":{"line":84,"column":11}},"13":{"start":{"line":81,"column":44},"end":{"line":84,"column":7}},"14":{"start":{"line":86,"column":6},"end":{"line":86,"column":83}},"15":{"start":{"line":86,"column":48},"end":{"line":86,"column":58}},"16":{"start":{"line":86,"column":76},"end":{"line":86,"column":80}},"17":{"start":{"line":88,"column":6},"end":{"line":88,"column":51}},"18":{"start":{"line":97,"column":4},"end":{"line":114,"column":5}},"19":{"start":{"line":98,"column":20},"end":{"line":98,"column":108}},"20":{"start":{"line":99,"column":18},"end":{"line":106,"column":8}},"21":{"start":{"line":107,"column":6},"end":{"line":109,"column":7}},"22":{"start":{"line":108,"column":8},"end":{"line":108,"column":62}},"23":{"start":{"line":111,"column":6},"end":{"line":111,"column":26}},"24":{"start":{"line":113,"column":6},"end":{"line":113,"column":50}},"25":{"start":{"line":121,"column":4},"end":{"line":139,"column":5}},"26":{"start":{"line":122,"column":20},"end":{"line":122,"column":108}},"27":{"start":{"line":123,"column":17},"end":{"line":123,"column":99}},"28":{"start":{"line":124,"column":18},"end":{"line":131,"column":8}},"29":{"start":{"line":132,"column":6},"end":{"line":134,"column":7}},"30":{"start":{"line":133,"column":8},"end":{"line":133,"column":78}},"31":{"start":{"line":136,"column":6},"end":{"line":136,"column":48}},"32":{"start":{"line":136,"column":28},"end":{"line":136,"column":46}},"33":{"start":{"line":138,"column":6},"end":{"line":138,"column":49}},"34":{"start":{"line":146,"column":4},"end":{"line":163,"column":5}},"35":{"start":{"line":147,"column":20},"end":{"line":147,"column":108}},"36":{"start":{"line":148,"column":17},"end":{"line":148,"column":99}},"37":{"start":{"line":149,"column":18},"end":{"line":155,"column":8}},"38":{"start":{"line":156,"column":6},"end":{"line":158,"column":7}},"39":{"start":{"line":157,"column":8},"end":{"line":157,"column":79}},"40":{"start":{"line":160,"column":6},"end":{"line":160,"column":67}},"41":{"start":{"line":160,"column":28},"end":{"line":160,"column":65}},"42":{"start":{"line":160,"column":49},"end":{"line":160,"column":64}},"43":{"start":{"line":162,"column":6},"end":{"line":162,"column":49}},"44":{"start":{"line":171,"column":4},"end":{"line":187,"column":5}},"45":{"start":{"line":172,"column":20},"end":{"line":172,"column":108}},"46":{"start":{"line":173,"column":18},"end":{"line":178,"column":8}},"47":{"start":{"line":179,"column":6},"end":{"line":181,"column":7}},"48":{"start":{"line":180,"column":8},"end":{"line":180,"column":79}},"49":{"start":{"line":182,"column":33},"end":{"line":182,"column":49}},"50":{"start":{"line":183,"column":6},"end":{"line":183,"column":18}},"51":{"start":{"line":185,"column":6},"end":{"line":185,"column":57}},"52":{"start":{"line":186,"column":6},"end":{"line":186,"column":16}},"53":{"start":{"line":199,"column":4},"end":{"line":255,"column":5}},"54":{"start":{"line":200,"column":20},"end":{"line":202,"column":14}},"55":{"start":{"line":204,"column":21},"end":{"line":206,"column":14}},"56":{"start":{"line":208,"column":30},"end":{"line":208,"column":44}},"57":{"start":{"line":211,"column":25},"end":{"line":213,"column":37}},"58":{"start":{"line":216,"column":6},"end":{"line":220,"column":8}},"59":{"start":{"line":218,"column":10},"end":{"line":219,"column":41}},"60":{"start":{"line":222,"column":19},"end":{"line":222,"column":45}},"61":{"start":{"line":223,"column":6},"end":{"line":223,"column":41}},"62":{"start":{"line":227,"column":23},"end":{"line":229,"column":58}},"63":{"start":{"line":230,"column":6},"end":{"line":230,"column":41}},"64":{"start":{"line":231,"column":6},"end":{"line":231,"column":41}},"65":{"start":{"line":234,"column":18},"end":{"line":241,"column":8}},"66":{"start":{"line":243,"column":6},"end":{"line":249,"column":7}},"67":{"start":{"line":244,"column":8},"end":{"line":248,"column":10}},"68":{"start":{"line":251,"column":23},"end":{"line":251,"column":39}},"69":{"start":{"line":252,"column":6},"end":{"line":252,"column":46}},"70":{"start":{"line":254,"column":6},"end":{"line":254,"column":50}},"71":{"start":{"line":267,"column":34},"end":{"line":267,"column":36}},"72":{"start":{"line":268,"column":4},"end":{"line":276,"column":5}},"73":{"start":{"line":269,"column":6},"end":{"line":275,"column":7}},"74":{"start":{"line":270,"column":23},"end":{"line":270,"column":50}},"75":{"start":{"line":271,"column":25},"end":{"line":271,"column":62}},"76":{"start":{"line":271,"column":46},"end":{"line":271,"column":61}},"77":{"start":{"line":272,"column":8},"end":{"line":272,"column":34}},"78":{"start":{"line":274,"column":8},"end":{"line":274,"column":82}},"79":{"start":{"line":277,"column":4},"end":{"line":277,"column":19}},"80":{"start":{"line":281,"column":2},"end":{"line":283,"column":9}},"81":{"start":{"line":282,"column":4},"end":{"line":282,"column":18}},"82":{"start":{"line":285,"column":2},"end":{"line":299,"column":4}},"83":{"start":{"line":303,"column":18},"end":{"line":303,"column":42}},"84":{"start":{"line":304,"column":2},"end":{"line":306,"column":3}},"85":{"start":{"line":305,"column":4},"end":{"line":305,"column":69}},"86":{"start":{"line":307,"column":2},"end":{"line":307,"column":17}}},"fnMap":{"0":{"name":"GroupProvider","decl":{"start":{"line":51,"column":16},"end":{"line":51,"column":29}},"loc":{"start":{"line":51,"column":75},"end":{"line":300,"column":1}},"line":51},"1":{"name":"fetchGroups","decl":{"start":{"line":65,"column":17},"end":{"line":65,"column":28}},"loc":{"start":{"line":65,"column":31},"end":{"line":90,"column":3}},"line":65},"2":{"name":"(anonymous_2)","decl":{"start":{"line":81,"column":31},"end":{"line":81,"column":32}},"loc":{"start":{"line":81,"column":44},"end":{"line":84,"column":7}},"line":81},"3":{"name":"(anonymous_3)","decl":{"start":{"line":86,"column":36},"end":{"line":86,"column":37}},"loc":{"start":{"line":86,"column":48},"end":{"line":86,"column":58}},"line":86},"4":{"name":"(anonymous_4)","decl":{"start":{"line":86,"column":64},"end":{"line":86,"column":65}},"loc":{"start":{"line":86,"column":76},"end":{"line":86,"column":80}},"line":86},"5":{"name":"createGroup","decl":{"start":{"line":96,"column":17},"end":{"line":96,"column":28}},"loc":{"start":{"line":96,"column":43},"end":{"line":115,"column":3}},"line":96},"6":{"name":"joinGroup","decl":{"start":{"line":120,"column":17},"end":{"line":120,"column":26}},"loc":{"start":{"line":120,"column":44},"end":{"line":140,"column":3}},"line":120},"7":{"name":"(anonymous_7)","decl":{"start":{"line":136,"column":18},"end":{"line":136,"column":19}},"loc":{"start":{"line":136,"column":28},"end":{"line":136,"column":46}},"line":136},"8":{"name":"leaveGroup","decl":{"start":{"line":145,"column":17},"end":{"line":145,"column":27}},"loc":{"start":{"line":145,"column":45},"end":{"line":164,"column":3}},"line":145},"9":{"name":"(anonymous_9)","decl":{"start":{"line":160,"column":18},"end":{"line":160,"column":19}},"loc":{"start":{"line":160,"column":28},"end":{"line":160,"column":65}},"line":160},"10":{"name":"(anonymous_10)","decl":{"start":{"line":160,"column":40},"end":{"line":160,"column":41}},"loc":{"start":{"line":160,"column":49},"end":{"line":160,"column":64}},"line":160},"11":{"name":"fetchGroupEvents","decl":{"start":{"line":170,"column":17},"
[...]
rt":{"line":56,"column":4},"end":{"line":56,"column":45}},"35":{"start":{"line":58,"column":4},"end":{"line":68,"column":5}},"36":{"start":{"line":59,"column":6},"end":{"line":59,"column":34}},"37":{"start":{"line":61,"column":27},"end":{"line":61,"column":68}},"38":{"start":{"line":62,"column":6},"end":{"line":62,"column":41}},"39":{"start":{"line":64,"column":6},"end":{"line":64,"column":51}},"40":{"start":{"line":65,"column":6},"end":{"line":65,"column":43}},"41":{"start":{"line":67,"column":6},"end":{"line":67,"column":31}},"42":{"start":{"line":71,"column":2},"end":{"line":102,"column":4}},"43":{"start":{"line":85,"column":16},"end":{"line":89,"column":21}}},"fnMap":{"0":{"name":"CommentList","decl":{"start":{"line":9,"column":9},"end":{"line":9,"column":20}},"loc":{"start":{"line":9,"column":44},"end":{"line":103,"column":1}},"line":9},"1":{"name":"(anonymous_1)","decl":{"start":{"line":18,"column":12},"end":{"line":18,"column":13}},"loc":{"start":{"line":18,"column":18},"end":{"line":36,"column":3}},"line":18},"2":{"name":"(anonymous_2)","decl":{"start":{"line":21,"column":26},"end":{"line":21,"column":27}},"loc":{"start":{"line":21,"column":38},"end":{"line":34,"column":5}},"line":21},"3":{"name":"(anonymous_3)","decl":{"start":{"line":39,"column":23},"end":{"line":39,"column":24}},"loc":{"start":{"line":39,"column":53},"end":{"line":69,"column":3}},"line":39},"4":{"name":"(anonymous_4)","decl":{"start":{"line":84,"column":28},"end":{"line":84,"column":29}},"loc":{"start":{"line":85,"column":16},"end":{"line":89,"column":21}},"line":85}},"branchMap":{"0":{"loc":{"start":{"line":19,"column":4},"end":{"line":19,"column":27}},"type":"if","locations":[{"start":{"line":19,"column":4},"end":{"line":19,"column":27}},{"start":{},"end":{}}],"line":19},"1":{"loc":{"start":{"line":41,"column":4},"end":{"line":41,"column":32}},"type":"if","locations":[{"start":{"line":41,"column":4},"end":{"line":41,"column":32}},{"start":{},"end":{}}],"line":41},"2":{"loc":{"start":{"line":43,"column":4},"end":{"line":46,"column":5}},"type":"if","locations":[{"start":{"line":43,"column":4},"end":{"line":46,"column":5}},{"start":{},"end":{}}],"line":43},"3":{"loc":{"start":{"line":74,"column":7},"end":{"line":74,"column":44}},"type":"binary-expr","locations":[{"start":{"line":74,"column":7},"end":{"line":74,"column":18}},{"start":{"line":74,"column":22},"end":{"line":74,"column":44}}],"line":74},"4":{"loc":{"start":{"line":76,"column":7},"end":{"line":96,"column":7}},"type":"binary-expr","locations":[{"start":{"line":76,"column":7},"end":{"line":76,"column":19}},{"start":{"line":77,"column":8},"end":{"line":95,"column":11}}],"line":76},"5":{"loc":{"start":{"line":78,"column":11},"end":{"line":94,"column":11}},"type":"cond-expr","locations":[{"start":{"line":79,"column":12},"end":{"line":79,"column":38}},{"start":{"line":80,"column":14},"end":{"line":94,"column":11}}],"line":78},"6":{"loc":{"start":{"line":80,"column":14},"end":{"line":94,"column":11}},"type":"cond-expr","locations":[{"start":{"line":81,"column":12},"end":{"line":81,"column":51}},{"start":{"line":82,"column":14},"end":{"line":94,"column":11}}],"line":80},"7":{"loc":{"start":{"line":82,"column":14},"end":{"line":94,"column":11}},"type":"cond-expr","locations":[{"start":{"line":83,"column":12},"end":{"line":91,"column":17}},{"start":{"line":93,"column":12},"end":{"line":93,"column":35}}],"line":82},"8":{"loc":{"start":{"line":98,"column":7},"end":{"line":100,"column":7}},"type":"binary-expr","locations":[{"start":{"line":98,"column":7},"end":{"line":98,"column":19}},{"start":{"line":98,"column":23},"end":{"line":98,"column":31}},{"start":{"line":99,"column":8},"end":{"line":99,"column":89}}],"line":98}},"s":{"0":2,"1":2,"2":2,"3":2,"4":2,"5":2,"6":2,"7":1,"8":0,"9":1,"10":1,"11":1,"12":1,"13":1,"14":1,"15":0,"16":1,"17":1,"18":1,"19":1,"20":1,"21":2,"22":0,"23":0,"24":0,"25":0,"26":0,"27":0,"28":0,"29":0,"30":0,"31":0,"32":0,"33":0,"34":0,"35":0,"36":0,"37":0,"38":0,"39":0,"40":0,"41":0,"42":2,"43":0},"f":{"0":2,"1":1,"2":1,"3":0,"4":0},"b":{"0":[0,1],"1":[0,0],"2":[0,0],"3":[2,0],"4":[2,2],"5":[0,2],"6":[1,1],"7":[1,0],"8":[2,2,2]},"_coverageSchema":"1a1c01bbd47fc00a2c39e90264f33305004495a9","hash":"e8e90f211627b6a274e7b3750859e2cd305b0417"}
,"C:\\Users\\htham\\Documents\\Revature\\InfoSysTraining\\project_2_trackr\\frontend\\revproj2\\src\\Components\\RouteGuard\\RouteGuard.tsx": {"path":"C:\\Users\\htham\\Documents\\Revature\\InfoSysTraining\\project_2_trackr\\frontend\\revproj2\\src\\Components\\RouteGuard\\RouteGuard.tsx","statementMap":{"0":{"start":{"line":5,"column":14},"end":{"line":5,"column":43}},"1":{"start":{"line":6,"column":22},"end":{"line":6,"column":24}},"2":{"start":{"line":7,"column":0},"end":{"line":10,"column":1}},"3":{"start":{"line":9,"column":1},"end":{"line":9,"column":37}},"4":{"start":{"line":11,"column":0},"end":{"line":11,"column":65}},"5":{"start":{"line":12,"column":0},"end":{"line":21,"column":1}},"6":{"start":{"line":14,"column":1},"end":{"line":14,"column":34}},"7":{"start":{"line":15,"column":1},"end":{"line":15,"column":41}},"8":{"start":{"line":20,"column":1},"end":{"line":20,"column":27}}},"fnMap":{"0":{"name":"RouteGuard","decl":{"start":{"line":4,"column":9},"end":{"line":4,"column":19}},"loc":{"start":{"line":4,"column":55},"end":{"line":22,"column":1}},"line":4}},"branchMap":{"0":{"loc":{"start":{"line":7,"column":0},"end":{"line":10,"column":1}},"type":"if","locations":[{"start":{"line":7,"column":0},"end":{"line":10,"column":1}},{"start":{},"end":{}}],"line":7},"1":{"loc":{"start":{"line":12,"column":0},"end":{"line":21,"column":1}},"type":"if","locations":[{"start":{"line":12,"column":0},"end":{"line":21,"column":1}},{"start":{"line":18,"column":0},"end":{"line":21,"column":1}}],"line":12}},"s":{"0":3,"1":3,"2":3,"3":2,"4":3,"5":3,"6":2,"7":2,"8":1},"f":{"0":3},"b":{"0":[2,1],"1":[2,1]},"_coverageSchema":"1a1c01bbd47fc00a2c39e90264f33305004495a9","hash":"67f0cfc31b0eae4f0d104d9c89f877008bdf891d"}
,"C:\\Users\\htham\\Documents\\Revature\\InfoSysTraining\\project_2_trackr\\frontend\\revproj2\\src\\Components\\SetUserGoals\\MakeNewGoal.tsx": {"path":"C:\\Users\\htham\\Documents\\Revature\\InfoSysTraining\\project_2_trackr\\frontend\\revproj2\\src\\Components\\SetUserGoals\\MakeNewGoal.tsx","statementMap":{"0":{"start":{"line":6,"column":19},"end":{"line":6,"column":32}},"1":{"start":{"line":7,"column":26},"end":{"line":7,"column":52}},"2":{"start":{"line":7,"column":33},"end":{"line":7,"column":51}},"3":{"start":{"line":8,"column":28},"end":{"line":8,"column":59}},"4":{"start":{"line":8,"column":35},"end":{"line":8,"column":58}},"5":{"start":{"line":10,"column":2},"end":{"line":17,"column":4}}},"fnMap":{"0":{"name":"MakeNewGoal","decl":{"start":{"line":5,"column":9},"end":{"line":5,"column":20}},"loc":{"start":{"line":5,"column":23},"end":{"line":18,"column":1}},"line":5},"1":{"name":"(anonymous_1)","decl":{"start":{"line":7,"column":26},"end":{"line":7,"column":27}},"loc":{"start":{"line":7,"column":32},"end":{"line":7,"column":52}},"line":7},"2":{"name":"(anonymous_2)","decl":{"start":{"line":8,"column":28},"end":{"line":8,"column":29}},"loc":{"start":{"line":8,"column":34},"end":{"line":8,"column":59}},"line":8}},"branchMap":{},"s":{"0":1,"1":1,"2":1,"3":1,"4":1,"5":1},"f":{"0":1,"1":1,"2":1},"b":{},"_coverageSchema":"1a1c01bbd47fc00a2c39e90264f33305004495a9","hash":"96b06c85dbad9f126ce5a6da55f195c577e61ca9"}
,"C:\\Users\\htham\\Documents\\Revature\\InfoSysTraining\\project_2_trackr\\frontend\\revproj2\\src\\Components\\SetUserGoals\\SetUserGoals.tsx": {"path":"C:\\Users\\htham\\Documents\\Revature\\InfoSysTraining\\project_2_trackr\\frontend\\revproj2\\src\\Components\\SetUserGoals\\SetUserGoals.tsx","statementMap":{"0":{"start":{"line":5,"column":19},"end":{"line":5,"column":32}},"1":{"start":{"line":8,"column":29},"end":{"line":8,"column":40}},"2":{"start":{"line":9,"column":27},"end":{"line":9,"column":38}},"3":{"start":{"line":10,"column":24},"end":{"line":10,"column":35}},"4":{"start":{"line":11,"column":32},"end":{"line":11,"column":43}},"5":{"start":{"line":12,"column":38},"end":{"line":12,"column":49}},"6":{"start":{"line":14,"column":46},"end":{"line":14,"column":57}},"7":{"start":{"line":15,"column":30},"end":{"line":15,"column":41}},"8":{"start":{"line":16,"column":34},"end":{"line":16,"column":45}},"9":{"start":{"line":18,"column":28},"end":{"line":18,"column":39}},"10":{"start":{"line":19,"column":28},"end":{"line":19,"column":39}},"11":{"start":{"line":21,"column":28},"end":{"line":21,"column":40}},"12":{"start":{"line":22,"column":34},"end":{"line":22,"column":46}},"13":{"start":{"line":23,"column":34},"end":{"line":23,"column":46}},"14":{"start":{"line":24,"column":26},"end":{"line":24,"column":55}},"15":{"start":{"line":27,"column":32},"end":{"line":27,"column":44}},"16":{"start":{"line":30,"column":42},"end":{"line":30,"column":71}},"17":{"start":{"line":32,"column":2},"end":{"line":42,"column":9}},"18":{"start":{"line":34,"column":23},"end":{"line":34,"column":52}},"19":{"start":{"line":35,"column":4},"end":{"line":41,"column":5}},"20":{"start":{"line":36,"column":6},"end":{"line":40,"column":7}},"21":{"start":{"line":37,"column":8},"end":{"line":37,"column":41}},"22":{"start":{"line":39,"column":8},"end":{"line":39,"column":29}},"23":{"start":{"line":44,"column":2},"end":{"line":65,"column":14}},"24":{"start":{"line":46,"column":27},"end":{"line":63,"column":5}},"25":{"start":{"line":47,"column":6},"end":{"line":47,"column":25}},"26":{"start":{"line":47,"column":18},"end":{"line":47,"column":25}},"27":{"start":{"line":48,"column":6},"end":{"line":62,"column":7}},"28":{"start":{"line":49,"column":35},"end":{"line":54,"column":10}},"29":{"start":{"line":55,"column":8},"end":{"line":57,"column":9}},"30":{"start":{"line":56,"column":10},"end":{"line":56,"column":74}},"31":{"start":{"line":58,"column":30},"end":{"line":58,"column":61}},"32":{"start":{"line":59,"column":8},"end":{"line":59,"column":35}},"33":{"start":{"line":61,"column":8},"end":{"line":61,"column":65}},"34":{"start":{"line":64,"column":4},"end":{"line":64,"column":21}},"35":{"start":{"line":68,"column":2},"end":{"line":89,"column":24}},"36":{"start":{"line":69,"column":4},"end":{"line":69,"column":36}},"37":{"start":{"line":69,"column":29},"end":{"line":69,"column":36}},"38":{"start":{"line":71,"column":22},"end":{"line":87,"column":5}},"39":{"start":{"line":72,"column":6},"end":{"line":86,"column":7}},"40":{"start":{"line":73,"column":31},"end":{"line":77,"column":10}},"41":{"start":{"line":78,"column":8},"end":{"line":80,"column":9}},"42":{"start":{"line":79,"column":10},"end":{"line":79,"column":88}},"43":{"start":{"line":81,"column":27},"end":{"line":81,"column":54}},"44":{"start":{"line":82,"column":8},"end":{"line":82,"column":33}},"45":{"start":{"line":83,"column":8},"end":{"line":83,"column":41}},"46":{"start":{"line":85,"column":8},"end":{"line":85,"column":65}},"47":{"start":{"line":88,"column":4},"end":{"line":88,"column":16}},"48":{"start":{"line":92,"column":20},"end":{"line":99,"column":3}},"49":{"start":{"line":101,"column":19},"end":{"line":106,"column":3}},"50":{"start":{"line":108,"column":20},"end":{"line":108,"column":30}},"51":{"start":{"line":111,"column":18},"end":{"line":115,"column":3}},"52":{"start":{"line":118,"column":4},"end":{"line":118,"column":27}},"53":{"start":{"line":121,"column":17},"end":{"line":130,"column":5}},"54":{"start":{"line":132,"column":4},"end":{"line":151,"column":5}},"55":{"start":{"line":133,"column":27},"end":{"line":140,"column":8}},"56":{"start":{"line":142,"column":6},"end":{"line":144,"column":7}},"57":{"start":{"line":143,"column":8},"end":{"line":143,"column":81}},"58":{"start":{"line":146,"column":19},"end":{"line":146,"column":44}},"59":{"start":{"line":147,"column":6},"end":{"line":147,"column":63}},"60":{"start":{"line":148,"column":6},"end":{"line":148,"column":28}},"61":{"start":{"line":150,"column":6},"end":{"line":150,"column":61}},"62":{"start":{"line":154,"column":2},"end":{"line":294,"column":4}},"63":{"start":{"line":180,"column":29},"end":{"line":180,"column":64}},"64":{"start":{"line":190,"column":29},"end":{"line":190,"column":61}},"65":{"start":{"line":200,"column":29},"end":{"line":200,"column":59}},"66":{"start":{"line":210,"column":29},"end":{"line":210,"column":63}},"67":{"start":{"line":220,"column":29},"end":{"line":220,"column":66}},"68":{"start":{"line":231,"column":29},"end":{"line":231,"column":70}},"69":{"start":{"line":241,"column":29},"end":{"line":241,"column":62}},"70":{"start":{"line":251,"column":29},"end":{"line":251,"column":64}},"71":{"start":{"line":262,"column":29},"end":{"line":262,"column":61}},"72":{"start":{"line":273,"column":29},"end":{"line":273,"column":61}},"73":{"start":{"line":284,"column":29},"end":{"line":284,"column":55}}},"fnMap":{"0":{"name":"SetUserGoals","decl":{"start":{"line":4,"column":9},"end":{"line":4,"column":21}},"loc":{"start":{"line":4,"column":24},"end":{"line":295,"column":1}},"line":4},"1":{"name":"(anonymous_1)","decl":{"start":{"line":32,"column":12},"end":{"line":32,"column":13}},"loc":{"start":{"line":32,"column":18},"end":{"line":42,"column":3}},"line":32},"2":{"name":"(anonymous_2)","decl":{"start":{"line":44,"column":12},"end":{"line":44,"column":13}},"loc":{"start":{"line":44,"column":18},"end":{"line":65,"column":3}},"line":44},"3":{"name":"(anonymous_3)","decl":{"start":{"line":46,"column":27},"end":{"line":46,"column":28}},"loc":{"start":{"line":46,"column":39},"end":{"line":63,"column":5}},"line":46},"4":{"name":"(anonymous_4)","decl":{"start":{"line":68,"column":12},"end":{"line":68,"column":13}},"loc":{"start":{"line":68,"column":18},"end":{"line":89,"column":3}},"line":68},"5":{"name":"(anonymous_5)","decl":{"start":{"line":71,"column":22},"end":{"line":71,"column":23}},"loc":{"start":{"line":71,"column":34},"end":{"line":87,"column":5}},"line":71},"6":{"name":"handleGoalSubmit","decl":{"start":{"line":117,"column":17},"end":{"line":117,"column":33}},"loc":{"start":{"line":117,"column":52},"end":{"line":152,"column":3}},"line":117},"7":{"name":"(anonymous_7)","decl":{"start":{"line":180,"column":22},"end":{"line":180,"column":23}},"loc":{"start":{"line":180,"column":29},"end":{"line":180,"column":64}},"line":180},"8":{"name":"(anonymous_8)","decl":{"start":{"line":190,"column":22},"end":{"line":190,"column":23}},"loc":{"start":{"line":190,"column":29},"end":{"line":190,"column":61}},"line":190},"9":{"name":"(anonymous_9)","decl":{"start":{"line":200,"column":22},"end":{"line":200,"column":23}},"loc":{"start":{"line":200,"column":29},"end":{"line":200,"column":59}},"line":200},"10":{"name":"(anonymous_10)","decl":{"start":{"line":210,"column":22},"end":{"line":210,"column":23}},"loc":{"start":{"line":210,"column":29},"end":{"line":210,"column":63}},"line":210},"11":{"name":"(anonymous_11)","decl":{"start":{"line":220,"column":22},"end":{"line":220,"column":23}},"loc":{"start":{"line":220,"column":29},"end":{"line":220,"column":66}},"line":220},"12":{"name":"(anonymous_12)","decl":{"start":{"line":231,"column":22},"end":{"line":231,"column":23}},"loc":{"start":{"line":231,"column":29},"end":{"line":231,"column":70}},"line":231},"13":{"name":"(anonymous_13)","decl":{"start":{"line":241,"column":22},"end":{"line":241,"column":23}},"loc":{"start":{"line":241,"column":29},"end":{"line":241,"column":62}},"line":241},"14":{"name":"(anonymous_14)","decl":{"start":{"line":251,"column":22},"end":{"line":251,"column":23}},"loc":{"start":{"line":251,"column":29},"end":{"line":251,"column":64}},"line":251},"15":{"name":"(anonymous_15)","decl":{"start":{"line":262,"column":22},"end":{"line":262,"column":23}},"loc":{"start":{"line":262,"column":29},"end":{"line":262,"column":61}},"line":262},"16":{"name":"(anonymous_16)","decl":{"start":{"line":273,"column":22},"end":{"line":273,"column":23}},"loc":{"start":{"line":273,"column":29},"end":{"line":273,"column":61}},"line":273},"17":{"name":"(anonymous_17)","decl":{"start":{"line":284,"column":22},"end":{"line":284,"column":23}},"loc":{"start":{"line":284,"column":29},"end":{"line":284,"column":55}},"line":284}},"branchMap":{"0":{"loc":{"start":{"line":35,"column":4},"end":{"line":41,"column":5}},"type":"if","locations":[{"start":{"line":35,"column":4},"end":{"line":41,"column":5}},{"start":{},"end":{}}],"line":35},"1":{"loc":{"start":{"line":47,"column":6},"end":{"line":47,"column":25}},"type":"if","locations":[{"start":{"line":47,"column":6},"end":{"line":47,"column":25}},{"start":{},"end":{}}],"line":47},"2":{"loc":{"start":{"line":55,"column":8},"end":{"line":57,"column":9}},"type":"if","locations":[{"start":{"line":55,"column":8},"end":{"line":57,"column":9}},{"start":{},"end":{}}],"line":55},"3":{"loc":{"start":{"line":69,"column":4},"end":{"line":69,"column":36}},"type":"if","locations":[{"start":{"line":69,"column":4},"end":{"line":69,"column":36}},{"start":{},"end":{}}],"line":69},"4":{"loc":{"start":{"line":69,"column":8},"end":{"line":69,"column":27}},"type":"binary-expr","locations":[{"start":{"line":69,"column":8},"end":{"line":69,"column":17}},{"start":{"line":69,"column":21},"end":{"line":69,"column":27}}],"line":69},"5":{"loc":{"start":{"line":78,"column":8},"end":{"line":80,"column":9}},"type":"if","locations":[{"start":{"line":78,"column":8},"end":{"line":80,"column":9}},{"start":{},"end":{}}],"line":78},"6":{"loc":{"start":{"line":142,"column":6},"end":{"line":144,"column":7}},"type":"if","locations":[{"start":{"line":142,"column":6},"end":{"line":144,"column":7}},{"start":{},"end":{}}],"line":142},"7":{"loc":{"start":{"line":157,"column":7},"end":{"line":171,"column":7}},"type":"binary-expr","locations":[{"start":{"line":157,"column":7},"end":{"line":157,"column":19}},{"start":{"line":158,"column":8},"end":{"line":170,"column":14}}],"line":157}},"s":{"0":0,"1":0,"2":0,"3":0,"4":0,"5":0,"6":0,"7":0,"8":0,"9":0,"10":0,"11":0,"12":0,"13":0,"14":0,"15":0,"16":0,"17":0,"18":0,"19":0,"20":0,"21":0,"22":0,"23":0,"24":0,"25":0,"26":0,"27":0,"28":0,"29":0,"30":0,"31":0,"32":0,"33":0,"34":0,"35":0,"36":0,"37":0,"38":0,"39":0,"40":0,"41":0,"42":0,"43":0,"44":0,"45":0,"46":0,"47":0,"48":0,"49":0,"50":0,"51":0,"52":0,"53":0,"54":0,"55":0,"56":0,"57":0,"58":0,"59":0,"60":0,"61":0,"62":0,"63":0,"64":0,"65":0,"66":0,"67":0,"68":0,"69":0,"70":0,"71":0,"72":0,"73":0},"f":{"0":0,"1":0,"2":0,"3":0,"4":0,"5":0,"6":0,"7":0,"8":0,"9":0,"10":0,"11":0,"12":0,"13":0,"14":0,"15":0,"16":0,"17":0},"b":{"0":[0,0],"1":[0,0],"2":[0,0],"3":[0,0],"4":[0,0],"5":[0,0],"6":[0,0],"7":[0,0]},"_coverageSchema":"1a1c01bbd47fc00a2c39e90264f33305004495a9","hash":"f2a3d67d19df8f700b59cd3c48b76dd4c44ab9f9"}
,"C:\\Users\\htham\\Documents\\Revature\\InfoSysTraining\\project_2_trackr\\frontend\\revproj2\\src\\Components\\UserLogin\\UserLogin.tsx": {"path":"C:\\Users\\htham\\Documents\\Revature\\InfoSysTraining\\project_2_trackr\\frontend\\revproj2\\src\\Components\\UserLogin\\UserLogin.tsx","statementMap":{"0":{"start":{"line":22,"column":19},"end":{"line":22,"column":32}},"1":{"start":{"line":24,"column":2},"end":{"line":40,"column":3}},"2":{"start":{"line":29,"column":98},"end":{"line":29,"column":125}},"3":{"start":{"line":33,"column":102},"end":{"line":33,"column":129}}},"fnMap":{"0":{"name":"UserLogin","decl":{"start":{"line":20,"column":9},"end":{"line":20,"column":18}},"loc":{"start":{"line":20,"column":113},"end":{"line":41,"column":1}},"line":20},"1":{"name":"(anonymous_1)","decl":{"start":{"line":29,"column":87},"end":{"line":29,"column":88}},"loc":{"start":{"line":29,"column":98},"end":{"line":29,"column":125}},"line":29},"2":{"name":"(anonymous_2)","decl":{"start":{"line":33,"column":91},"end":{"line":33,"column":92}},"loc":{"start":{"line":33,"column":102},"end":{"line":33,"column":129}},"line":33}},"branchMap":{},"s":{"0":1,"1":1,"2":1,"3":1},"f":{"0":1,"1":1,"2":1},"b":{},"_coverageSchema":"1a1c01bbd47fc00a2c39e90264f33305004495a9","hash":"9fddc8d6da8cfa8ec2f2c5ecaaccde9e1015dc1b"}
}
