TN:
SF:src\API\Axios.ts
FN:9,(anonymous_0)
FN:31,(anonymous_1)
FN:63,(anonymous_2)
FN:96,(anonymous_3)
FN:119,(anonymous_4)
FN:148,(anonymous_5)
FN:182,(anonymous_6)
FN:215,(anonymous_7)
FN:245,(anonymous_8)
FN:277,(anonymous_9)
FN:308,(anonymous_10)
FN:340,(anonymous_11)
FN:364,(anonymous_12)
FN:386,(anonymous_13)
FN:415,(anonymous_14)
FNF:15
FNH:15
FNDA:1,(anonymous_0)
FNDA:1,(anonymous_1)
FNDA:1,(anonymous_2)
FNDA:1,(anonymous_3)
FNDA:1,(anonymous_4)
FNDA:1,(anonymous_5)
FNDA:1,(anonymous_6)
FNDA:1,(anonymous_7)
FNDA:1,(anonymous_8)
FNDA:1,(anonymous_9)
FNDA:1,(anonymous_10)
FNDA:1,(anonymous_11)
FNDA:1,(anonymous_12)
FNDA:1,(anonymous_13)
FNDA:1,(anonymous_14)
DA:6,1
DA:7,1
DA:9,1
DA:10,1
DA:12,1
DA:13,1
DA:14,1
DA:16,1
DA:24,1
DA:27,0
DA:31,1
DA:32,1
DA:34,1
DA:35,1
DA:36,1
DA:38,1
DA:46,1
DA:48,1
DA:49,1
DA:50,1
DA:54,0
DA:59,0
DA:63,1
DA:64,1
DA:66,1
DA:67,1
DA:68,1
DA:70,1
DA:79,1
DA:81,1
DA:82,1
DA:83,1
DA:87,0
DA:92,0
DA:96,1
DA:97,1
DA:99,1
DA:100,1
DA:101,1
DA:103,1
DA:111,1
DA:114,0
DA:119,1
DA:120,1
DA:122,1
DA:123,1
DA:124,1
DA:126,1
DA:133,1
DA:135,1
DA:136,1
DA:137,1
DA:140,0
DA:144,0
DA:148,1
DA:149,1
DA:151,1
DA:152,1
DA:153,1
DA:154,1
DA:156,1
DA:166,1
DA:168,1
DA:169,1
DA:173,0
DA:177,0
DA:182,1
DA:183,1
DA:185,1
DA:186,1
DA:187,1
DA:189,1
DA:198,1
DA:200,1
DA:201,1
DA:202,1
DA:203,1
DA:206,0
DA:211,0
DA:215,1
DA:217,1
DA:218,1
DA:219,1
DA:220,1
DA:222,1
DA:230,1
DA:232,1
DA:233,1
DA:234,1
DA:237,0
DA:241,0
DA:245,1
DA:246,1
DA:248,1
DA:249,1
DA:250,1
DA:252,1
DA:260,1
DA:262,1
DA:263,1
DA:264,1
DA:268,0
DA:272,0
DA:277,1
DA:278,1
DA:280,1
DA:281,1
DA:282,1
DA:284,1
DA:292,1
DA:294,1
DA:295,1
DA:296,1
DA:300,0
DA:304,0
DA:308,1
DA:309,1
DA:311,1
DA:312,1
DA:313,1
DA:315,1
DA:323,1
DA:325,1
DA:326,1
DA:327,1
DA:331,0
DA:335,0
DA:340,1
DA:341,1
DA:343,1
DA:344,1
DA:345,1
DA:346,1
DA:347,1
DA:355,1
DA:358,0
DA:364,1
DA:365,1
DA:367,1
DA:368,1
DA:369,1
DA:371,1
DA:379,1
DA:382,0
DA:386,1
DA:387,1
DA:389,1
DA:390,1
DA:391,1
DA:393,1
DA:400,1
DA:402,1
DA:403,1
DA:404,1
DA:407,0
DA:411,0
DA:415,1
DA:416,1
DA:418,1
DA:419,1
DA:420,1
DA:422,1
DA:430,1
DA:432,1
DA:433,1
DA:434,1
DA:438,0
DA:443,0
LF:168
LH:142
BRDA:46,0,0,1
BRDA:46,0,1,0
BRDA:46,1,0,1
BRDA:46,1,1,1
BRDA:79,2,0,1
BRDA:79,2,1,0
BRDA:79,3,0,1
BRDA:79,3,1,1
BRDA:133,4,0,1
BRDA:133,4,1,0
BRDA:133,5,0,1
BRDA:133,5,1,1
BRDA:166,6,0,1
BRDA:166,6,1,0
BRDA:166,7,0,1
BRDA:166,7,1,1
BRDA:198,8,0,1
BRDA:198,8,1,0
BRDA:198,9,0,1
BRDA:198,9,1,1
BRDA:230,10,0,1
BRDA:230,10,1,0
BRDA:230,11,0,1
BRDA:230,11,1,1
BRDA:260,12,0,1
BRDA:260,12,1,0
BRDA:260,13,0,1
BRDA:260,13,1,1
BRDA:292,14,0,1
BRDA:292,14,1,0
BRDA:292,15,0,1
BRDA:292,15,1,1
BRDA:323,16,0,1
BRDA:323,16,1,0
BRDA:323,17,0,1
BRDA:323,17,1,1
BRDA:400,18,0,1
BRDA:400,18,1,0
BRDA:400,19,0,1
BRDA:400,19,1,1
BRDA:430,20,0,1
BRDA:430,20,1,0
BRDA:430,21,0,1
BRDA:430,21,1,1
BRF:44
BRH:33
end_of_record
TN:
SF:src\Calendar\CalendarPage.tsx
FN:6,CalendarPage
FN:43,(anonymous_1)
FN:50,(anonymous_2)
FN:52,(anonymous_3)
FN:69,(anonymous_4)
FN:71,(anonymous_5)
FN:89,(anonymous_6)
FN:91,(anonymous_7)
FN:117,(anonymous_8)
FN:128,(anonymous_9)
FN:130,(anonymous_10)
FN:137,(anonymous_11)
FN:139,(anonymous_12)
FN:147,(anonymous_13)
FN:174,(anonymous_14)
FN:180,(anonymous_15)
FN:187,(anonymous_16)
FN:192,(anonymous_17)
FN:211,getDayColor
FN:240,handleDayClick
FN:250,(anonymous_20)
FN:253,(anonymous_21)
FN:366,(anonymous_22)
FN:388,(anonymous_23)
FNF:24
FNH:18
FNDA:14,CalendarPage
FNDA:5,(anonymous_1)
FNDA:10,(anonymous_2)
FNDA:5,(anonymous_3)
FNDA:10,(anonymous_4)
FNDA:0,(anonymous_5)
FNDA:10,(anonymous_6)
FNDA:0,(anonymous_7)
FNDA:5,(anonymous_8)
FNDA:5,(anonymous_9)
FNDA:0,(anonymous_10)
FNDA:5,(anonymous_11)
FNDA:0,(anonymous_12)
FNDA:7,(anonymous_13)
FNDA:10,(anonymous_14)
FNDA:7,(anonymous_15)
FNDA:0,(anonymous_16)
FNDA:0,(anonymous_17)
FNDA:428,getDayColor
FNDA:1,handleDayClick
FNDA:1,(anonymous_20)
FNDA:1,(anonymous_21)
FNDA:470,(anonymous_22)
FNDA:1,(anonymous_23)
DA:7,14
DA:8,14
DA:11,14
DA:12,14
DA:13,14
DA:16,14
DA:17,14
DA:18,14
DA:21,14
DA:24,14
DA:25,14
DA:26,14
DA:27,14
DA:28,14
DA:29,14
DA:32,14
DA:33,14
DA:34,42
DA:36,14
DA:37,428
DA:43,14
DA:44,5
DA:45,5
DA:46,5
DA:50,14
DA:51,10
DA:52,5
DA:53,5
DA:54,5
DA:57,5
DA:58,0
DA:60,2
DA:61,0
DA:63,5
DA:66,5
DA:69,14
DA:70,10
DA:71,0
DA:72,0
DA:73,0
DA:76,0
DA:77,0
DA:79,0
DA:80,0
DA:81,0
DA:83,0
DA:86,0
DA:89,14
DA:90,10
DA:91,0
DA:92,0
DA:93,0
DA:96,0
DA:97,0
DA:99,0
DA:100,0
DA:101,0
DA:102,0
DA:103,0
DA:104,0
DA:106,0
DA:107,0
DA:108,0
DA:111,0
DA:114,0
DA:117,14
DA:118,5
DA:119,0
DA:120,0
DA:121,0
DA:122,0
DA:123,0
DA:128,14
DA:129,5
DA:130,0
DA:137,14
DA:138,5
DA:139,0
DA:147,14
DA:148,7
DA:149,7
DA:150,7
DA:151,7
DA:153,0
DA:154,0
DA:155,0
DA:156,0
DA:157,0
DA:158,0
DA:159,0
DA:162,0
DA:168,14
DA:169,14
DA:172,14
DA:174,14
DA:175,10
DA:176,0
DA:180,14
DA:181,7
DA:184,0
DA:187,0
DA:188,0
DA:192,0
DA:193,0
DA:194,0
DA:195,0
DA:196,0
DA:197,0
DA:200,0
DA:202,0
DA:206,14
DA:207,14
DA:212,428
DA:214,428
DA:217,428
DA:218,10
DA:219,10
DA:222,418
DA:223,0
DA:225,418
DA:226,0
DA:228,418
DA:230,0
DA:233,418
DA:241,1
DA:242,1
DA:243,1
DA:244,1
DA:250,14
DA:251,1
DA:253,14
DA:254,1
DA:260,14
DA:367,470
DA:369,42
DA:380,428
DA:381,428
DA:382,428
DA:383,428
DA:385,428
DA:388,1
LF:141
LH:83
BRDA:45,0,0,5
BRDA:45,0,1,0
BRDA:51,1,0,5
BRDA:51,1,1,5
BRDA:57,2,0,0
BRDA:57,2,1,2
BRDA:70,3,0,10
BRDA:70,3,1,0
BRDA:70,4,0,10
BRDA:70,4,1,0
BRDA:76,5,0,0
BRDA:76,5,1,0
BRDA:90,6,0,10
BRDA:90,6,1,0
BRDA:90,7,0,10
BRDA:90,7,1,0
BRDA:96,8,0,0
BRDA:96,8,1,0
BRDA:101,9,0,0
BRDA:101,9,1,0
BRDA:106,10,0,0
BRDA:106,10,1,0
BRDA:118,11,0,0
BRDA:118,11,1,5
BRDA:121,12,0,0
BRDA:121,12,1,0
BRDA:121,13,0,0
BRDA:121,13,1,0
BRDA:122,14,0,0
BRDA:122,14,1,0
BRDA:129,15,0,0
BRDA:129,15,1,5
BRDA:138,16,0,0
BRDA:138,16,1,5
BRDA:149,17,0,7
BRDA:149,17,1,0
BRDA:158,18,0,0
BRDA:158,18,1,0
BRDA:175,19,0,0
BRDA:175,19,1,10
BRDA:175,20,0,10
BRDA:175,20,1,0
BRDA:181,21,0,7
BRDA:181,21,1,0
BRDA:196,22,0,0
BRDA:196,22,1,0
BRDA:217,23,0,10
BRDA:217,23,1,418
BRDA:218,24,0,0
BRDA:218,24,1,10
BRDA:222,25,0,0
BRDA:222,25,1,418
BRDA:222,26,0,418
BRDA:222,26,1,418
BRDA:225,27,0,0
BRDA:225,27,1,418
BRDA:228,28,0,0
BRDA:228,28,1,418
BRDA:367,29,0,42
BRDA:367,29,1,428
BRF:60
BRH:25
end_of_record
TN:
SF:src\Calendar\CreateEventPage.tsx
FN:6,CreateEventPage
FN:16,(anonymous_1)
FN:76,(anonymous_2)
FN:84,(anonymous_3)
FN:85,(anonymous_4)
FN:105,(anonymous_5)
FN:120,(anonymous_6)
FN:141,(anonymous_7)
FNF:8
FNH:8
FNDA:10,CreateEventPage
FNDA:2,(anonymous_1)
FNDA:2,(anonymous_2)
FNDA:20,(anonymous_3)
FNDA:30,(anonymous_4)
FNDA:2,(anonymous_5)
FNDA:2,(anonymous_6)
FNDA:1,(anonymous_7)
DA:7,10
DA:8,10
DA:9,10
DA:10,10
DA:12,10
DA:13,10
DA:14,10
DA:16,10
DA:17,2
DA:19,2
DA:20,0
DA:21,0
DA:24,2
DA:25,2
DA:27,1
DA:28,1
DA:31,1
DA:32,1
DA:34,2
DA:36,0
DA:37,0
DA:41,10
DA:77,2
DA:85,30
DA:86,20
DA:105,2
DA:120,2
DA:141,1
LF:28
LH:24
BRDA:19,0,0,0
BRDA:19,0,1,2
BRDA:19,1,0,2
BRDA:19,1,1,2
BRDA:19,1,2,2
BRDA:19,1,3,2
BRDA:25,2,0,1
BRDA:25,2,1,1
BRDA:78,3,0,1
BRDA:78,3,1,1
BRDA:86,4,0,20
BRDA:86,4,1,0
BRF:12
BRH:10
end_of_record
TN:
SF:src\Calendar\DayView.tsx
FN:7,DayView
FN:23,(anonymous_1)
FN:26,loadEventsForDay
FN:28,(anonymous_3)
FN:29,(anonymous_4)
FN:34,(anonymous_5)
FN:36,(anonymous_6)
FN:37,(anonymous_7)
FN:55,(anonymous_8)
FN:76,goToInput
FN:82,goToProgress
FN:88,goBackToCalendar
FN:117,(anonymous_12)
FN:155,(anonymous_13)
FNF:14
FNH:12
FNDA:11,DayView
FNDA:5,(anonymous_1)
FNDA:5,loadEventsForDay
FNDA:1,(anonymous_3)
FNDA:1,(anonymous_4)
FNDA:1,(anonymous_5)
FNDA:1,(anonymous_6)
FNDA:1,(anonymous_7)
FNDA:5,(anonymous_8)
FNDA:0,goToInput
FNDA:0,goToProgress
FNDA:1,goBackToCalendar
FNDA:2,(anonymous_12)
FNDA:1,(anonymous_13)
DA:8,11
DA:9,11
DA:12,11
DA:13,11
DA:14,11
DA:15,11
DA:17,11
DA:21,11
DA:23,11
DA:24,5
DA:27,5
DA:28,1
DA:29,1
DA:31,5
DA:32,5
DA:33,1
DA:34,1
DA:35,1
DA:36,1
DA:37,1
DA:44,1
DA:47,5
DA:49,5
DA:53,11
DA:55,11
DA:56,5
DA:58,5
DA:59,5
DA:60,5
DA:61,5
DA:62,5
DA:63,5
DA:64,5
DA:65,5
DA:67,5
DA:68,5
DA:70,0
DA:78,0
DA:79,0
DA:83,0
DA:84,0
DA:89,1
DA:92,11
DA:118,2
DA:155,1
LF:45
LH:40
BRDA:24,0,0,0
BRDA:24,0,1,5
BRDA:42,1,0,1
BRDA:42,1,1,0
BRDA:56,2,0,0
BRDA:56,2,1,5
BRDA:59,3,0,5
BRDA:59,3,1,0
BRDA:67,4,0,5
BRDA:67,4,1,0
BRDA:78,5,0,0
BRDA:78,5,1,0
BRDA:83,6,0,0
BRDA:83,6,1,0
BRDA:170,7,0,6
BRDA:170,7,1,5
BRF:16
BRH:7
end_of_record
TN:
SF:src\Calendar\GroupPage.tsx
FN:5,GroupPage
FN:15,(anonymous_1)
FN:19,handleCreateGroup
FN:27,isUserInGroup
FN:40,(anonymous_4)
FN:53,(anonymous_5)
FN:62,(anonymous_6)
FN:71,(anonymous_7)
FN:75,(anonymous_8)
FNF:9
FNH:9
FNDA:7,GroupPage
FNDA:14,(anonymous_1)
FNDA:1,handleCreateGroup
FNDA:13,isUserInGroup
FNDA:1,(anonymous_4)
FNDA:1,(anonymous_5)
FNDA:13,(anonymous_6)
FNDA:1,(anonymous_7)
FNDA:1,(anonymous_8)
DA:6,7
DA:7,7
DA:10,7
DA:11,7
DA:15,7
DA:16,14
DA:20,1
DA:21,1
DA:22,1
DA:23,1
DA:28,13
DA:31,7
DA:40,1
DA:53,1
DA:63,13
DA:71,1
DA:75,1
LF:17
LH:17
BRDA:21,0,0,0
BRDA:21,0,1,1
BRDA:59,1,0,0
BRDA:59,1,1,7
BRDA:70,2,0,7
BRDA:70,2,1,6
BRF:6
BRH:4
end_of_record
TN:
SF:src\Components\EventsContext\EventsContext.tsx
FN:21,EventsProvider
FN:26,fetchPersonalEvents
FN:58,(anonymous_2)
FN:70,addEvent
FN:109,(anonymous_4)
FN:118,getEventsForDay
FN:119,(anonymous_6)
FN:139,useEvents
FNF:8
FNH:5
FNDA:9,EventsProvider
FNDA:1,fetchPersonalEvents
FNDA:0,(anonymous_2)
FNDA:2,addEvent
FNDA:0,(anonymous_4)
FNDA:4,getEventsForDay
FNDA:0,(anonymous_6)
FNDA:18,useEvents
DA:17,3
DA:22,9
DA:23,9
DA:27,1
DA:28,1
DA:31,1
DA:35,1
DA:36,1
DA:37,1
DA:40,0
DA:42,0
DA:50,0
DA:51,0
DA:54,0
DA:55,0
DA:58,0
DA:59,0
DA:60,0
DA:62,0
DA:65,0
DA:71,2
DA:72,2
DA:75,2
DA:79,2
DA:80,2
DA:81,2
DA:84,0
DA:92,0
DA:94,0
DA:103,0
DA:104,0
DA:107,0
DA:108,0
DA:109,0
DA:111,0
DA:119,4
DA:130,9
DA:140,18
DA:141,18
DA:142,0
DA:144,18
LF:41
LH:20
BRDA:28,0,0,0
BRDA:28,0,1,1
BRDA:31,1,0,0
BRDA:31,1,1,1
BRDA:35,2,0,1
BRDA:35,2,1,0
BRDA:35,3,0,1
BRDA:35,3,1,0
BRDA:50,4,0,0
BRDA:50,4,1,0
BRDA:59,5,0,0
BRDA:59,5,1,0
BRDA:72,6,0,0
BRDA:72,6,1,2
BRDA:75,7,0,0
BRDA:75,7,1,2
BRDA:79,8,0,2
BRDA:79,8,1,0
BRDA:79,9,0,2
BRDA:79,9,1,0
BRDA:103,10,0,0
BRDA:103,10,1,0
BRDA:141,11,0,0
BRDA:141,11,1,18
BRF:24
BRH:9
end_of_record
TN:
SF:src\Components\GroupContext\GroupContext.tsx
FN:51,GroupProvider
FN:65,fetchGroups
FN:81,(anonymous_2)
FN:86,(anonymous_3)
FN:86,(anonymous_4)
FN:96,createGroup
FN:120,joinGroup
FN:136,(anonymous_7)
FN:145,leaveGroup
FN:160,(anonymous_9)
FN:160,(anonymous_10)
FN:170,fetchGroupEvents
FN:193,createGroupEvent
FN:217,(anonymous_13)
FN:266,getAllGroupEventsForDay
FN:271,(anonymous_15)
FN:281,(anonymous_16)
FN:302,useGroups
FNF:18
FNH:4
FNDA:21,GroupProvider
FNDA:5,fetchGroups
FNDA:0,(anonymous_2)
FNDA:0,(anonymous_3)
FNDA:0,(anonymous_4)
FNDA:0,createGroup
FNDA:0,joinGroup
FNDA:0,(anonymous_7)
FNDA:0,leaveGroup
FNDA:0,(anonymous_9)
FNDA:0,(anonymous_10)
FNDA:0,fetchGroupEvents
FNDA:0,createGroupEvent
FNDA:0,(anonymous_13)
FNDA:0,getAllGroupEventsForDay
FNDA:0,(anonymous_15)
FNDA:5,(anonymous_16)
FNDA:14,useGroups
DA:49,3
DA:52,21
DA:53,21
DA:58,21
DA:59,21
DA:66,5
DA:67,5
DA:68,5
DA:70,5
DA:76,5
DA:77,0
DA:79,3
DA:81,1
DA:86,0
DA:88,5
DA:97,0
DA:98,0
DA:99,0
DA:107,0
DA:108,0
DA:111,0
DA:113,0
DA:121,0
DA:122,0
DA:123,0
DA:124,0
DA:132,0
DA:133,0
DA:136,0
DA:138,0
DA:146,0
DA:147,0
DA:148,0
DA:149,0
DA:156,0
DA:157,0
DA:160,0
DA:162,0
DA:171,0
DA:172,0
DA:173,0
DA:179,0
DA:180,0
DA:182,0
DA:183,0
DA:185,0
DA:186,0
DA:199,0
DA:200,0
DA:204,0
DA:208,0
DA:211,0
DA:216,0
DA:218,0
DA:222,0
DA:223,0
DA:227,0
DA:230,0
DA:231,0
DA:234,0
DA:243,0
DA:244,0
DA:251,0
DA:252,0
DA:254,0
DA:267,0
DA:268,0
DA:269,0
DA:270,0
DA:271,0
DA:272,0
DA:274,0
DA:277,0
DA:281,5
DA:282,5
DA:285,5
DA:303,14
DA:304,14
DA:305,0
DA:307,14
LF:80
LH:19
BRDA:58,0,0,21
BRDA:58,0,1,21
BRDA:67,1,0,5
BRDA:67,1,1,0
BRDA:68,2,0,0
BRDA:68,2,1,5
BRDA:76,3,0,0
BRDA:76,3,1,3
BRDA:98,4,0,0
BRDA:98,4,1,0
BRDA:107,5,0,0
BRDA:107,5,1,0
BRDA:122,6,0,0
BRDA:122,6,1,0
BRDA:123,7,0,0
BRDA:123,7,1,0
BRDA:132,8,0,0
BRDA:132,8,1,0
BRDA:147,9,0,0
BRDA:147,9,1,0
BRDA:148,10,0,0
BRDA:148,10,1,0
BRDA:156,11,0,0
BRDA:156,11,1,0
BRDA:172,12,0,0
BRDA:172,12,1,0
BRDA:179,13,0,0
BRDA:179,13,1,0
BRDA:200,14,0,0
BRDA:200,14,1,0
BRDA:204,15,0,0
BRDA:204,15,1,0
BRDA:211,16,0,0
BRDA:211,16,1,0
BRDA:218,17,0,0
BRDA:218,17,1,0
BRDA:227,18,0,0
BRDA:227,18,1,0
BRDA:243,19,0,0
BRDA:243,19,1,0
BRDA:246,20,0,0
BRDA:246,20,1,0
BRDA:304,21,0,0
BRDA:304,21,1,14
BRF:44
BRH:6
end_of_record
TN:
SF:src\Components\NavBar\NavBar.tsx
FN:3,NavBar
FNF:1
FNH:1
FNDA:8,NavBar
DA:4,8
LF:1
LH:1
BRF:0
BRH:0
end_of_record
TN:
SF:src\Components\PostFeed\FeedSearch.tsx
FN:15,FeedSearch
FN:19,(anonymous_1)
FN:23,(anonymous_2)
FN:33,(anonymous_3)
FN:43,(anonymous_4)
FN:47,(anonymous_5)
FNF:6
FNH:6
FNDA:27,FeedSearch
FNDA:11,(anonymous_1)
FNDA:2,(anonymous_2)
FNDA:4,(anonymous_3)
FNDA:1,(anonymous_4)
FNDA:1,(anonymous_5)
DA:16,27
DA:17,27
DA:19,27
DA:20,11
DA:23,27
DA:24,2
DA:25,2
DA:29,2
DA:30,2
DA:33,27
DA:34,4
DA:35,4
DA:36,4
DA:37,0
DA:39,4
DA:43,27
DA:44,1
DA:47,27
DA:48,1
DA:49,1
DA:50,1
DA:53,27
LF:22
LH:21
BRDA:36,0,0,0
BRDA:36,0,1,4
BRF:2
BRH:1
end_of_record
TN:
SF:src\Components\PostFeed\PostFeedDumb.tsx
FN:12,PostFeedDumb
FN:18,(anonymous_1)
FN:21,(anonymous_2)
FN:24,(anonymous_3)
FNF:4
FNH:1
FNDA:3,PostFeedDumb
FNDA:0,(anonymous_1)
FNDA:0,(anonymous_2)
FNDA:0,(anonymous_3)
DA:13,3
DA:18,0
DA:21,0
DA:24,0
LF:4
LH:1
BRDA:24,0,0,0
BRDA:24,0,1,0
BRF:2
BRH:0
end_of_record
TN:
SF:src\Components\PostFeed\PostFeedSmart.tsx
FN:13,PostFeedSmart
FN:19,(anonymous_1)
FN:37,(anonymous_2)
FNF:3
FNH:1
FNDA:3,PostFeedSmart
FNDA:0,(anonymous_1)
FNDA:0,(anonymous_2)
DA:14,3
DA:15,3
DA:16,3
DA:17,3
DA:19,3
DA:20,0
DA:21,0
DA:22,0
DA:23,0
DA:24,0
DA:25,0
DA:26,0
DA:27,0
DA:28,0
DA:29,0
DA:31,0
DA:37,0
DA:38,0
DA:40,0
DA:41,0
DA:44,0
DA:45,0
DA:46,0
DA:47,0
DA:48,0
DA:49,0
DA:51,0
DA:55,0
DA:58,0
DA:64,3
LF:30
LH:6
BRDA:28,0,0,0
BRDA:28,0,1,0
BRF:2
BRH:0
end_of_record
TN:
SF:src\Components\PostFeed\PostList.tsx
FN:7,PostList
FN:16,(anonymous_1)
FN:20,(anonymous_2)
FN:28,(anonymous_3)
FN:29,(anonymous_4)
FN:41,(anonymous_5)
FN:47,(anonymous_6)
FN:48,(anonymous_7)
FN:65,(anonymous_8)
FN:66,(anonymous_9)
FN:69,(anonymous_10)
FN:74,(anonymous_11)
FN:75,(anonymous_12)
FN:91,(anonymous_13)
FN:101,(anonymous_14)
FNF:15
FNH:15
FNDA:13,PostList
FNDA:8,(anonymous_1)
FNDA:2,(anonymous_2)
FNDA:1,(anonymous_3)
FNDA:1,(anonymous_4)
FNDA:8,(anonymous_5)
FNDA:7,(anonymous_6)
FNDA:7,(anonymous_7)
FNDA:1,(anonymous_8)
FNDA:1,(anonymous_9)
FNDA:2,(anonymous_10)
FNDA:6,(anonymous_11)
FNDA:6,(anonymous_12)
FNDA:6,(anonymous_13)
FNDA:1,(anonymous_14)
DA:8,13
DA:9,13
DA:10,13
DA:11,13
DA:12,13
DA:13,13
DA:16,13
DA:19,8
DA:20,2
DA:21,2
DA:24,2
DA:25,2
DA:27,2
DA:28,1
DA:29,1
DA:33,0
DA:37,2
DA:38,2
DA:41,8
DA:42,8
DA:47,13
DA:48,7
DA:49,7
DA:51,7
DA:52,5
DA:53,2
DA:54,1
DA:56,7
DA:58,0
DA:62,7
DA:65,13
DA:66,1
DA:69,13
DA:70,2
DA:71,2
DA:74,13
DA:75,6
DA:78,13
DA:92,6
DA:101,1
LF:40
LH:38
BRDA:19,0,0,2
BRDA:19,0,1,6
BRDA:24,1,0,2
BRDA:24,1,1,0
BRDA:24,2,0,2
BRDA:24,2,1,2
BRDA:27,3,0,1
BRDA:27,3,1,1
BRDA:27,4,0,2
BRDA:27,4,1,2
BRDA:42,5,0,2
BRDA:42,5,1,6
BRDA:51,6,0,5
BRDA:51,6,1,2
BRDA:51,7,0,7
BRDA:51,7,1,6
BRDA:53,8,0,1
BRDA:53,8,1,1
BRDA:56,9,0,7
BRDA:56,9,1,2
BRDA:87,10,0,13
BRDA:87,10,1,2
BRDA:87,10,2,0
BRDA:88,11,0,7
BRDA:88,11,1,6
BRDA:98,12,0,6
BRDA:98,12,1,6
BRDA:102,13,0,6
BRDA:102,13,1,1
BRDA:103,14,0,6
BRDA:103,14,1,6
BRF:31
BRH:29
end_of_record
TN:
SF:src\Components\PostFeed\Comments\CommentDumb.tsx
FN:10,CommentDumb
FN:16,(anonymous_1)
FNF:2
FNH:2
FNDA:5,CommentDumb
FNDA:1,(anonymous_1)
DA:12,5
DA:16,1
LF:2
LH:2
BRF:0
BRH:0
end_of_record
TN:
SF:src\Components\PostFeed\Comments\CommentList.tsx
FN:9,CommentList
FN:18,(anonymous_1)
FN:21,(anonymous_2)
FN:39,(anonymous_3)
FN:84,(anonymous_4)
FNF:5
FNH:3
FNDA:2,CommentList
FNDA:1,(anonymous_1)
FNDA:1,(anonymous_2)
FNDA:0,(anonymous_3)
FNDA:0,(anonymous_4)
DA:10,2
DA:11,2
DA:12,2
DA:13,2
DA:14,2
DA:15,2
DA:18,2
DA:19,1
DA:20,1
DA:21,1
DA:22,1
DA:23,1
DA:24,1
DA:25,1
DA:26,0
DA:28,1
DA:29,1
DA:31,1
DA:32,1
DA:35,1
DA:39,2
DA:40,0
DA:41,0
DA:43,0
DA:44,0
DA:45,0
DA:48,0
DA:49,0
DA:50,0
DA:53,0
DA:54,0
DA:55,0
DA:56,0
DA:58,0
DA:59,0
DA:61,0
DA:62,0
DA:64,0
DA:65,0
DA:67,0
DA:71,2
DA:85,0
LF:42
LH:21
BRDA:19,0,0,0
BRDA:19,0,1,1
BRDA:41,1,0,0
BRDA:41,1,1,0
BRDA:43,2,0,0
BRDA:43,2,1,0
BRDA:74,3,0,2
BRDA:74,3,1,0
BRDA:76,4,0,2
BRDA:76,4,1,2
BRDA:78,5,0,0
BRDA:78,5,1,2
BRDA:80,6,0,1
BRDA:80,6,1,1
BRDA:82,7,0,1
BRDA:82,7,1,0
BRDA:98,8,0,2
BRDA:98,8,1,2
BRDA:98,8,2,2
BRF:19
BRH:11
end_of_record
TN:
SF:src\Components\RouteGuard\RouteGuard.tsx
FN:4,RouteGuard
FNF:1
FNH:1
FNDA:3,RouteGuard
DA:5,3
DA:6,3
DA:7,3
DA:9,2
DA:11,3
DA:12,3
DA:14,2
DA:15,2
DA:20,1
LF:9
LH:9
BRDA:7,0,0,2
BRDA:7,0,1,1
BRDA:12,1,0,2
BRDA:12,1,1,1
BRF:4
BRH:4
end_of_record
TN:
SF:src\Components\SetUserGoals\MakeNewGoal.tsx
FN:5,MakeNewGoal
FN:7,(anonymous_1)
FN:8,(anonymous_2)
FNF:3
FNH:3
FNDA:1,MakeNewGoal
FNDA:1,(anonymous_1)
FNDA:1,(anonymous_2)
DA:6,1
DA:7,1
DA:8,1
DA:10,1
LF:4
LH:4
BRF:0
BRH:0
end_of_record
TN:
SF:src\Components\SetUserGoals\SetUserGoals.tsx
FN:4,SetUserGoals
FN:32,(anonymous_1)
FN:44,(anonymous_2)
FN:46,(anonymous_3)
FN:68,(anonymous_4)
FN:71,(anonymous_5)
FN:117,handleGoalSubmit
FN:180,(anonymous_7)
FN:190,(anonymous_8)
FN:200,(anonymous_9)
FN:210,(anonymous_10)
FN:220,(anonymous_11)
FN:231,(anonymous_12)
FN:241,(anonymous_13)
FN:251,(anonymous_14)
FN:262,(anonymous_15)
FN:273,(anonymous_16)
FN:284,(anonymous_17)
FNF:18
FNH:0
FNDA:0,SetUserGoals
FNDA:0,(anonymous_1)
FNDA:0,(anonymous_2)
FNDA:0,(anonymous_3)
FNDA:0,(anonymous_4)
FNDA:0,(anonymous_5)
FNDA:0,handleGoalSubmit
FNDA:0,(anonymous_7)
FNDA:0,(anonymous_8)
FNDA:0,(anonymous_9)
FNDA:0,(anonymous_10)
FNDA:0,(anonymous_11)
FNDA:0,(anonymous_12)
FNDA:0,(anonymous_13)
FNDA:0,(anonymous_14)
FNDA:0,(anonymous_15)
FNDA:0,(anonymous_16)
FNDA:0,(anonymous_17)
DA:5,0
DA:8,0
DA:9,0
DA:10,0
DA:11,0
DA:12,0
DA:14,0
DA:15,0
DA:16,0
DA:18,0
DA:19,0
DA:21,0
DA:22,0
DA:23,0
DA:24,0
DA:27,0
DA:30,0
DA:32,0
DA:34,0
DA:35,0
DA:36,0
DA:37,0
DA:39,0
DA:44,0
DA:46,0
DA:47,0
DA:48,0
DA:49,0
DA:55,0
DA:56,0
DA:58,0
DA:59,0
DA:61,0
DA:64,0
DA:68,0
DA:69,0
DA:71,0
DA:72,0
DA:73,0
DA:78,0
DA:79,0
DA:81,0
DA:82,0
DA:83,0
DA:85,0
DA:88,0
DA:92,0
DA:101,0
DA:108,0
DA:111,0
DA:118,0
DA:121,0
DA:132,0
DA:133,0
DA:142,0
DA:143,0
DA:146,0
DA:147,0
DA:148,0
DA:150,0
DA:154,0
DA:180,0
DA:190,0
DA:200,0
DA:210,0
DA:220,0
DA:231,0
DA:241,0
DA:251,0
DA:262,0
DA:273,0
DA:284,0
LF:72
LH:0
BRDA:35,0,0,0
BRDA:35,0,1,0
BRDA:47,1,0,0
BRDA:47,1,1,0
BRDA:55,2,0,0
BRDA:55,2,1,0
BRDA:69,3,0,0
BRDA:69,3,1,0
BRDA:69,4,0,0
BRDA:69,4,1,0
BRDA:78,5,0,0
BRDA:78,5,1,0
BRDA:142,6,0,0
BRDA:142,6,1,0
BRDA:157,7,0,0
BRDA:157,7,1,0
BRF:16
BRH:0
end_of_record
TN:
SF:src\Components\UserLogin\UserLogin.tsx
FN:20,UserLogin
FN:29,(anonymous_1)
FN:33,(anonymous_2)
FNF:3
FNH:3
FNDA:1,UserLogin
FNDA:1,(anonymous_1)
FNDA:1,(anonymous_2)
DA:22,1
DA:24,1
DA:29,1
DA:33,1
LF:4
LH:4
BRF:0
BRH:0
end_of_record
